"../../../Engine/Plugins/Interchange/Runtime/Content/Pipelines/DefaultTexturePipeline.uasset" 0
"../../../Engine/Plugins/Interchange/Runtime/Content/Pipelines/DefaultTexturePipeline.uexp" 1
"../../../Engine/Plugins/Interchange/Runtime/Content/Pipelines/DefaultSceneLevelPipeline.uasset" 2
"../../../Engine/Plugins/Interchange/Runtime/Content/Pipelines/DefaultSceneLevelPipeline.uexp" 3
"../../../Engine/Plugins/Interchange/Runtime/Content/Pipelines/DefaultSceneAssetsPipeline.uasset" 4
"../../../Engine/Plugins/Interchange/Runtime/Content/Pipelines/DefaultSceneAssetsPipeline.uexp" 5
"../../../Engine/Plugins/Interchange/Runtime/Content/Pipelines/DefaultMaterialXPipeline.uasset" 6
"../../../Engine/Plugins/Interchange/Runtime/Content/Pipelines/DefaultMaterialXPipeline.uexp" 7
"../../../Engine/Plugins/Interchange/Runtime/Content/Pipelines/DefaultMaterialPipeline.uasset" 8
"../../../Engine/Plugins/Interchange/Runtime/Content/Pipelines/DefaultMaterialPipeline.uexp" 9
"../../../Engine/Plugins/Interchange/Runtime/Content/Pipelines/DefaultGLTFSceneAssetsPipeline.uasset" 10
"../../../Engine/Plugins/Interchange/Runtime/Content/Pipelines/DefaultGLTFSceneAssetsPipeline.uexp" 11
"../../../Engine/Plugins/Interchange/Runtime/Content/Pipelines/DefaultGLTFPipeline.uasset" 12
"../../../Engine/Plugins/Interchange/Runtime/Content/Pipelines/DefaultGLTFPipeline.uexp" 13
"../../../Engine/Plugins/Interchange/Runtime/Content/Pipelines/DefaultGLTFAssetsPipeline.uasset" 14
"../../../Engine/Plugins/Interchange/Runtime/Content/Pipelines/DefaultGLTFAssetsPipeline.uexp" 15
"../../../Engine/Plugins/Interchange/Runtime/Content/Pipelines/DefaultAssetsPipeline.uasset" 16
"../../../Engine/Plugins/Interchange/Runtime/Content/Pipelines/DefaultAssetsPipeline.uexp" 17
"../../../Engine/Plugins/Animation/ControlRig/Content/Controls/DefaultGizmoLibraryNormalized.uasset" 18
"../../../Engine/Plugins/Animation/ControlRig/Content/Controls/DefaultGizmoLibraryNormalized.uexp" 19
"../../../Engine/Plugins/Animation/ACLPlugin/Content/ACLAnimCurveCompressionSettings.uasset" 20
"../../../Engine/Plugins/Animation/ACLPlugin/Content/ACLAnimCurveCompressionSettings.uexp" 21
"../../../Engine/Plugins/Animation/ACLPlugin/Content/ACLAnimBoneCompressionSettings.uasset" 22
"../../../Engine/Plugins/Animation/ACLPlugin/Content/ACLAnimBoneCompressionSettings.uexp" 23
"../../../Engine/Plugins/2D/Paper2D/Content/PlaceholderTextures/DummySpriteTexture.ubulk" 24
"../../../Engine/Plugins/2D/Paper2D/Content/PlaceholderTextures/DummySpriteTexture.uasset" 25
"../../../Engine/Plugins/2D/Paper2D/Content/PlaceholderTextures/DummySpriteTexture.uexp" 26
"../../../Engine/Plugins/2D/Paper2D/Content/DummySprite.uasset" 27
"../../../Engine/Plugins/2D/Paper2D/Content/DummySprite.uexp" 28
"../../../Engine/Plugins/2D/Paper2D/Content/DefaultPaperTerrainMaterial.uasset" 29
"../../../Engine/Plugins/2D/Paper2D/Content/DefaultPaperTerrainMaterial.uexp" 30
"../../../Engine/Content/EngineSounds/Master.uasset" 31
"../../../Engine/Content/EngineSounds/Master.uexp" 32
"../../../Engine/Content/EngineMaterials/DefaultPhysicalMaterial.uasset" 33
"../../../Engine/Content/EngineMaterials/DefaultPhysicalMaterial.uexp" 34
"../../../Engine/Content/EngineMaterials/DefaultDestructiblePhysicalMaterial.uasset" 35
"../../../Engine/Content/EngineMaterials/DefaultDestructiblePhysicalMaterial.uexp" 36
"../../../Engine/Content/EngineFonts/Faces/RobotoLight.uexp" 37
"../../../Engine/Content/EngineFonts/Faces/RobotoLight.uasset" 38
"../../../Engine/Content/EngineFonts/Faces/RobotoLight.ufont" 39
"../../../Engine/Content/EngineFonts/Faces/RobotoBold.uexp" 40
"../../../Engine/Content/EngineFonts/Faces/RobotoBold.uasset" 41
"../../../Engine/Content/EngineFonts/Faces/RobotoBold.ufont" 42
"../../../Engine/Content/EngineFonts/Faces/RobotoRegular.uexp" 43
"../../../Engine/Content/EngineFonts/Faces/RobotoRegular.uasset" 44
"../../../Engine/Content/EngineFonts/Faces/RobotoRegular.ufont" 45
"../../../Engine/Content/EngineFonts/Faces/DroidSansFallback.uexp" 46
"../../../Engine/Content/EngineFonts/Faces/DroidSansFallback.uasset" 47
"../../../Engine/Content/EngineFonts/Faces/DroidSansFallback.ufont" 48
"../../../Engine/Content/EngineFonts/Faces/RobotoItalic.uexp" 49
"../../../Engine/Content/EngineFonts/Faces/RobotoItalic.uasset" 50
"../../../Engine/Content/EngineFonts/Faces/RobotoItalic.ufont" 51
"../../../Engine/Content/EngineFonts/Faces/RobotoBoldItalic.uexp" 52
"../../../Engine/Content/EngineFonts/Faces/RobotoBoldItalic.uasset" 53
"../../../Engine/Content/EngineFonts/Faces/RobotoBoldItalic.ufont" 54
"../../../Engine/Content/EngineFonts/Roboto.uasset" 55
"../../../Engine/Content/EngineFonts/Roboto.uexp" 56
"../../../Engine/Content/Animation/DefaultVariableFrameStrippingSettings.uasset" 57
"../../../Engine/Content/Animation/DefaultVariableFrameStrippingSettings.uexp" 58
"../../../Engine/Content/Animation/DefaultRecorderBoneCompression.uasset" 59
"../../../Engine/Content/Animation/DefaultRecorderBoneCompression.uexp" 60
"../../../Engine/Content/MobileResources/HUD/VirtualJoystick_Background.uasset" 61
"../../../Engine/Content/MobileResources/HUD/VirtualJoystick_Background.uexp" 62
"../../../Engine/Content/MobileResources/HUD/VirtualJoystick_Thumb.uasset" 63
"../../../Engine/Content/MobileResources/HUD/VirtualJoystick_Thumb.uexp" 64
"../../../Engine/Content/MobileResources/HUD/DefaultVirtualJoysticks.uasset" 65
"../../../Engine/Content/MobileResources/HUD/DefaultVirtualJoysticks.uexp" 66
"../../../Engine/Content/EditorResources/S_Actor.ubulk" 67
"../../../Engine/Content/EditorResources/S_Actor.uasset" 68
"../../../Engine/Content/EditorResources/S_Actor.uexp" 69
"../../../Engine/Content/EditorResources/S_BoxReflectionCapture.uasset" 70
"../../../Engine/Content/EditorResources/S_BoxReflectionCapture.uexp" 71
"../../../Engine/Plugins/Runtime/AudioWidgets/Content/Resources/ScrubHandleDown_Clamped.uasset" 72
"../../../Engine/Plugins/Runtime/AudioWidgets/Content/Resources/ScrubHandleDown_Clamped.uexp" 73
"../../../Engine/Content/EngineResources/DefaultTexture.ubulk" 74
"../../../Engine/Content/EngineResources/DefaultTexture.uasset" 75
"../../../Engine/Content/EngineResources/DefaultTexture.uexp" 76
"../../../Engine/Content/EngineResources/GradientTexture0.uasset" 77
"../../../Engine/Content/EngineResources/GradientTexture0.uexp" 78
"../../../Engine/Content/EngineResources/Black.uasset" 79
"../../../Engine/Content/EngineResources/Black.uexp" 80
"../../../Engine/Content/EngineMaterials/PreintegratedSkinBRDF.uasset" 81
"../../../Engine/Content/EngineMaterials/PreintegratedSkinBRDF.uexp" 82
"../../../Engine/Content/EngineMaterials/MiniFont.uasset" 83
"../../../Engine/Content/EngineMaterials/MiniFont.uexp" 84
"../../../Engine/Content/EngineMaterials/FastBlueNoise_vec2_128x128x64.uasset" 85
"../../../Engine/Content/EngineMaterials/FastBlueNoise_vec2_128x128x64.uexp" 86
"../../../Engine/Content/EngineMaterials/FastBlueNoise_scalar_128x128x64.uasset" 87
"../../../Engine/Content/EngineMaterials/FastBlueNoise_scalar_128x128x64.uexp" 88
"../../../Engine/Content/EngineMaterials/DefaultWhiteGrid.ubulk" 89
"../../../Engine/Content/EngineMaterials/DefaultWhiteGrid.uasset" 90
"../../../Engine/Content/EngineMaterials/DefaultWhiteGrid.uexp" 91
"../../../Engine/Content/EngineMaterials/DefaultBokeh.uasset" 92
"../../../Engine/Content/EngineMaterials/DefaultBokeh.uexp" 93
"../../../Engine/Content/EngineMaterials/DefaultBloomKernel.uasset" 94
"../../../Engine/Content/EngineMaterials/DefaultBloomKernel.uexp" 95
"../../../Engine/Content/EngineDamageTypes/DmgTypeBP_Environmental.uasset" 96
"../../../Engine/Content/EngineDamageTypes/DmgTypeBP_Environmental.uexp" 97
"../../../Engine/Content/EditorResources/S_TriggerSphere.uasset" 98
"../../../Engine/Content/EditorResources/S_TriggerSphere.uexp" 99
"../../../Engine/Content/EditorResources/S_TriggerCapsule.uasset" 100
"../../../Engine/Content/EditorResources/S_TriggerCapsule.uexp" 101
"../../../Engine/Content/EditorResources/S_TriggerBox.uasset" 102
"../../../Engine/Content/EditorResources/S_TriggerBox.uexp" 103
"../../../Engine/Content/EditorResources/S_Trigger.ubulk" 104
"../../../Engine/Content/EditorResources/S_Trigger.uasset" 105
"../../../Engine/Content/EditorResources/S_Trigger.uexp" 106
"../../../Engine/Content/EditorResources/S_Terrain.ubulk" 107
"../../../Engine/Content/EditorResources/S_Terrain.uasset" 108
"../../../Engine/Content/EditorResources/S_Terrain.uexp" 109
"../../../Engine/Content/EditorResources/S_Solver.ubulk" 110
"../../../Engine/Content/EditorResources/S_Solver.uasset" 111
"../../../Engine/Content/EditorResources/S_Solver.uexp" 112
"../../../Engine/Content/EditorResources/BSPVertex.uasset" 113
"../../../Engine/Content/EditorResources/BSPVertex.uexp" 114
"../../../Engine/Content/EditorLandscapeResources/DefaultAlphaTexture.uasset" 115
"../../../Engine/Content/EditorLandscapeResources/DefaultAlphaTexture.uexp" 116
"../../../Engine/Content/EngineResources/FilmGrains/Marcie_Grain_v3_128_M2_000.uasset" 117
"../../../Engine/Content/EngineResources/FilmGrains/Marcie_Grain_v3_128_M2_000.uexp" 118
"../../../Engine/Content/EngineMaterials/LTC/Sheen_LTC.uasset" 119
"../../../Engine/Content/EngineMaterials/LTC/Sheen_LTC.uexp" 120
"../../../Engine/Content/EngineMaterials/LTC/GGX_LTCMat.uasset" 121
"../../../Engine/Content/EngineMaterials/LTC/GGX_LTCMat.uexp" 122
"../../../Engine/Content/EngineMaterials/LTC/GGX_LTCAmp.uasset" 123
"../../../Engine/Content/EngineMaterials/LTC/GGX_LTCAmp.uexp" 124
"../../../Engine/Content/EngineMaterials/EnergyConservation/Sheen_Energy.uasset" 125
"../../../Engine/Content/EngineMaterials/EnergyConservation/Sheen_Energy.uexp" 126
"../../../Engine/Content/EngineMaterials/EnergyConservation/SheenLegacy_Energy.uasset" 127
"../../../Engine/Content/EngineMaterials/EnergyConservation/SheenLegacy_Energy.uexp" 128
"../../../Engine/Content/EngineMaterials/EnergyConservation/GGX_TransmissionEnergyArray.uasset" 129
"../../../Engine/Content/EngineMaterials/EnergyConservation/GGX_TransmissionEnergyArray.uexp" 130
"../../../Engine/Content/EngineMaterials/EnergyConservation/GGX_ReflectionEnergy.uasset" 131
"../../../Engine/Content/EngineMaterials/EnergyConservation/GGX_ReflectionEnergy.uexp" 132
"../../../Engine/Content/EngineMaterials/EnergyConservation/Diffuse_Energy.uasset" 133
"../../../Engine/Content/EngineMaterials/EnergyConservation/Diffuse_Energy.uexp" 134
"../../../Engine/Content/EditorResources/SequenceRecorder/RecordingIndicator.uasset" 135
"../../../Engine/Content/EditorResources/SequenceRecorder/RecordingIndicator.uexp" 136
"../../../Engine/Content/EditorResources/SequenceRecorder/Countdown.uasset" 137
"../../../Engine/Content/EditorResources/SequenceRecorder/Countdown.uexp" 138
"../../../Engine/Content/EditorMaterials/ParticleSystems/PSysThumbnail_OOD.ubulk" 139
"../../../Engine/Content/EditorMaterials/ParticleSystems/PSysThumbnail_OOD.uasset" 140
"../../../Engine/Content/EditorMaterials/ParticleSystems/PSysThumbnail_OOD.uexp" 141
"../../../Engine/Content/EditorMaterials/ParticleSystems/PSysThumbnail_NoImage.ubulk" 142
"../../../Engine/Content/EditorMaterials/ParticleSystems/PSysThumbnail_NoImage.uasset" 143
"../../../Engine/Content/EditorMaterials/ParticleSystems/PSysThumbnail_NoImage.uexp" 144
"../../../Engine/Content/EngineResources/DefaultTextureCube.uasset" 145
"../../../Engine/Content/EngineResources/DefaultTextureCube.uexp" 146
"../../../Engine/Content/EngineMaterials/Substrate/Volume/SubstrateSimpleVolumeLUT3D.uasset" 147
"../../../Engine/Content/EngineMaterials/Substrate/Volume/SubstrateSimpleVolumeLUT3D.uexp" 148
"../../../Engine/Content/EngineMaterials/Substrate/Volume/SubstrateSimpleVolumeEnvLUT3D.uasset" 149
"../../../Engine/Content/EngineMaterials/Substrate/Volume/SubstrateSimpleVolumeEnvLUT3D.uexp" 150
"../../../Engine/Content/EngineResources/DefaultVolumeTexture2D.uasset" 151
"../../../Engine/Content/EngineResources/DefaultVolumeTexture2D.uexp" 152
"../../../Engine/Content/EngineResources/DefaultVolumeTexture.uasset" 153
"../../../Engine/Content/EngineResources/DefaultVolumeTexture.uexp" 154
"../../../Engine/Content/Functions/Engine_MaterialFunctions01/Shading/ConvertFromDiffSpec.uasset" 155
"../../../Engine/Content/Functions/Engine_MaterialFunctions01/Shading/ConvertFromDiffSpec.uexp" 156
"../../../Engine/Content/Functions/Engine_MaterialFunctions01/Shading/PowerToRoughness.uasset" 157
"../../../Engine/Content/Functions/Engine_MaterialFunctions01/Shading/PowerToRoughness.uexp" 158
"../../../Engine/Content/EditorMaterials/Dataflow/DataflowTwoSidedVertexMaterial.uasset" 159
"../../../Engine/Content/EditorMaterials/Dataflow/DataflowTwoSidedVertexMaterial.uexp" 160
"../../../Engine/Content/EditorMaterials/Dataflow/DataflowVertexMaterial.uasset" 161
"../../../Engine/Content/EditorMaterials/Dataflow/DataflowVertexMaterial.uexp" 162
"../../../Engine/Content/BasicShapes/BasicShapeMaterial.uasset" 163
"../../../Engine/Content/BasicShapes/BasicShapeMaterial.uexp" 164
"../../../Engine/Content/EditorMaterials/PhAT_NoCollisionMaterial.uasset" 165
"../../../Engine/Content/EditorMaterials/PhAT_NoCollisionMaterial.uexp" 166
"../../../Engine/Content/EditorMaterials/PhAT_UnselectedMaterial.uasset" 167
"../../../Engine/Content/EditorMaterials/PhAT_UnselectedMaterial.uexp" 168
"../../../Engine/Content/EditorMaterials/PreviewShadowIndicator.ubulk" 169
"../../../Engine/Content/EditorMaterials/PreviewShadowIndicator.uasset" 170
"../../../Engine/Content/EditorMaterials/PreviewShadowIndicator.uexp" 171
"../../../Engine/Content/EditorMaterials/PreviewShadowIndicatorMaterial.uasset" 172
"../../../Engine/Content/EditorMaterials/PreviewShadowIndicatorMaterial.uexp" 173
"../../../Engine/Content/EngineDebugMaterials/DebugEditorMaterial.uasset" 174
"../../../Engine/Content/EngineDebugMaterials/DebugEditorMaterial.uexp" 175
"../../../Engine/Content/EngineDebugMaterials/DebugMeshMaterial.uasset" 176
"../../../Engine/Content/EngineDebugMaterials/DebugMeshMaterial.uexp" 177
"../../../Engine/Content/EngineDebugMaterials/M_SimpleUnlitTranslucent.uasset" 178
"../../../Engine/Content/EngineDebugMaterials/M_SimpleUnlitTranslucent.uexp" 179
"../../../Engine/Content/Functions/Engine_MaterialFunctions02/Utility/CameraDirectionVector.uasset" 180
"../../../Engine/Content/Functions/Engine_MaterialFunctions02/Utility/CameraDirectionVector.uexp" 181
"../../../Engine/Content/EngineDebugMaterials/VolumeToRender.uasset" 182
"../../../Engine/Content/EngineDebugMaterials/VolumeToRender.uexp" 183
"../../../Engine/Content/EngineDebugMaterials/M_VolumeRenderSphereTracePP.uasset" 184
"../../../Engine/Content/EngineDebugMaterials/M_VolumeRenderSphereTracePP.uexp" 185
"../../../Engine/Content/EngineMaterials/DefaultDiffuse.ubulk" 186
"../../../Engine/Content/EngineMaterials/DefaultDiffuse.uasset" 187
"../../../Engine/Content/EngineMaterials/DefaultDiffuse.uexp" 188
"../../../Engine/Content/EngineMaterials/DefaultDeferredDecalMaterial.uasset" 189
"../../../Engine/Content/EngineMaterials/DefaultDeferredDecalMaterial.uexp" 190
"../../../Engine/Content/EngineMaterials/DefaultLightFunctionMaterial.uasset" 191
"../../../Engine/Content/EngineMaterials/DefaultLightFunctionMaterial.uexp" 192
"../../../Engine/Content/Functions/Engine_MaterialFunctions02/Utility/BreakOutFloat2Components.uasset" 193
"../../../Engine/Content/Functions/Engine_MaterialFunctions02/Utility/BreakOutFloat2Components.uexp" 194
"../../../Engine/Content/EngineMaterials/DefaultPostProcessMaterial.uasset" 195
"../../../Engine/Content/EngineMaterials/DefaultPostProcessMaterial.uexp" 196
"../../../Engine/Content/EngineFonts/RobotoDistanceField.uasset" 197
"../../../Engine/Content/EngineFonts/RobotoDistanceField.uexp" 198
"../../../Engine/Content/EngineMaterials/DefaultTextMaterialOpaque.uasset" 199
"../../../Engine/Content/EngineMaterials/DefaultTextMaterialOpaque.uexp" 200
"../../../Engine/Content/EngineMaterials/DefaultWhiteGrid_Low.uasset" 201
"../../../Engine/Content/EngineMaterials/DefaultWhiteGrid_Low.uexp" 202
"../../../Engine/Content/EngineMaterials/EmissiveMeshMaterial.uasset" 203
"../../../Engine/Content/EngineMaterials/EmissiveMeshMaterial.uexp" 204
"../../../Engine/Content/EngineMaterials/BaseFlattenNormalMap.uasset" 205
"../../../Engine/Content/EngineMaterials/BaseFlattenNormalMap.uexp" 206
"../../../Engine/Content/EngineMaterials/BaseFlattenGrayscaleMap.uasset" 207
"../../../Engine/Content/EngineMaterials/BaseFlattenGrayscaleMap.uexp" 208
"../../../Engine/Content/EngineMaterials/BaseFlattenDiffuseMap.uasset" 209
"../../../Engine/Content/EngineMaterials/BaseFlattenDiffuseMap.uexp" 210
"../../../Engine/Content/Functions/Engine_MaterialFunctions02/PivotPainter2/Black_1x1_EXR_Texture.uasset" 211
"../../../Engine/Content/Functions/Engine_MaterialFunctions02/PivotPainter2/Black_1x1_EXR_Texture.uexp" 212
"../../../Engine/Content/EngineMaterials/BaseFlattenEmissiveMap.uasset" 213
"../../../Engine/Content/EngineMaterials/BaseFlattenEmissiveMap.uexp" 214
"../../../Engine/Content/EngineMaterials/BaseFlattenLinearColor.uasset" 215
"../../../Engine/Content/EngineMaterials/BaseFlattenLinearColor.uexp" 216
"../../../Engine/Content/EngineMaterials/FlattenMaterial.uasset" 217
"../../../Engine/Content/EngineMaterials/FlattenMaterial.uexp" 218
"../../../Engine/Content/EngineMaterials/BaseFlattenEmissiveMap_VT.uasset" 219
"../../../Engine/Content/EngineMaterials/BaseFlattenEmissiveMap_VT.uexp" 220
"../../../Engine/Content/EngineMaterials/BaseFlattenGrayscaleMap_VT.uasset" 221
"../../../Engine/Content/EngineMaterials/BaseFlattenGrayscaleMap_VT.uexp" 222
"../../../Engine/Content/EngineMaterials/BaseFlattenLinearColor_VT.uasset" 223
"../../../Engine/Content/EngineMaterials/BaseFlattenLinearColor_VT.uexp" 224
"../../../Engine/Content/EngineMaterials/Black_1x1_EXR_Texture_VT.uasset" 225
"../../../Engine/Content/EngineMaterials/Black_1x1_EXR_Texture_VT.uexp" 226
"../../../Engine/Content/EngineMaterials/BaseFlattenDiffuseMap_VT.uasset" 227
"../../../Engine/Content/EngineMaterials/BaseFlattenDiffuseMap_VT.uexp" 228
"../../../Engine/Content/EngineMaterials/BaseFlattenNormalMap_VT.uasset" 229
"../../../Engine/Content/EngineMaterials/BaseFlattenNormalMap_VT.uexp" 230
"../../../Engine/Content/EngineMaterials/FlattenMaterial_VT.uasset" 231
"../../../Engine/Content/EngineMaterials/FlattenMaterial_VT.uexp" 232
"../../../Engine/Content/EngineMaterials/FlattenMaterial_WS_Normal_VT.uasset" 233
"../../../Engine/Content/EngineMaterials/FlattenMaterial_WS_Normal_VT.uexp" 234
"../../../Engine/Content/EngineMaterials/GizmoMaterial.uasset" 235
"../../../Engine/Content/EngineMaterials/GizmoMaterial.uexp" 236
"../../../Engine/Content/EngineMaterials/InvalidLightmapSettings.ubulk" 237
"../../../Engine/Content/EngineMaterials/InvalidLightmapSettings.uasset" 238
"../../../Engine/Content/EngineMaterials/InvalidLightmapSettings.uexp" 239
"../../../Engine/Content/EngineMaterials/M_InvalidLightmapSettings.uasset" 240
"../../../Engine/Content/EngineMaterials/M_InvalidLightmapSettings.uexp" 241
"../../../Engine/Content/EngineMaterials/NaniteHiddenSectionMaterial.uasset" 242
"../../../Engine/Content/EngineMaterials/NaniteHiddenSectionMaterial.uexp" 243
"../../../Engine/Content/Functions/Engine_MaterialFunctions02/WorldPositionOffset/CameraOffset.uasset" 244
"../../../Engine/Content/Functions/Engine_MaterialFunctions02/WorldPositionOffset/CameraOffset.uexp" 245
"../../../Engine/Content/EngineMaterials/PhAT_JointLimitMaterial.uasset" 246
"../../../Engine/Content/EngineMaterials/PhAT_JointLimitMaterial.uexp" 247
"../../../Engine/Content/EngineMaterials/DefaultCalibrationColor.uasset" 248
"../../../Engine/Content/EngineMaterials/DefaultCalibrationColor.uexp" 249
"../../../Engine/Content/EngineMaterials/PPM_DefaultCalibrationColor.uasset" 250
"../../../Engine/Content/EngineMaterials/PPM_DefaultCalibrationColor.uexp" 251
"../../../Engine/Content/EngineMaterials/DefaultCalibrationGrayscale.uasset" 252
"../../../Engine/Content/EngineMaterials/DefaultCalibrationGrayscale.uexp" 253
"../../../Engine/Content/EngineMaterials/PPM_DefaultCalibrationGrayscale.uasset" 254
"../../../Engine/Content/EngineMaterials/PPM_DefaultCalibrationGrayscale.uexp" 255
"../../../Engine/Content/EngineMaterials/RemoveSurfaceMaterial.uasset" 256
"../../../Engine/Content/EngineMaterials/RemoveSurfaceMaterial.uexp" 257
"../../../Engine/Plugins/Animation/ControlRig/Content/Controls/ControlRigGizmoMaterial.uasset" 258
"../../../Engine/Plugins/Animation/ControlRig/Content/Controls/ControlRigGizmoMaterial.uexp" 259
"../../../Engine/Plugins/Animation/ControlRig/Content/Controls/ControlRigXRayMaterial.uasset" 260
"../../../Engine/Plugins/Animation/ControlRig/Content/Controls/ControlRigXRayMaterial.uexp" 261
"../../../Engine/Plugins/Animation/ControlRig/Content/M_Manip.uasset" 262
"../../../Engine/Plugins/Animation/ControlRig/Content/M_Manip.uexp" 263
"../../../Engine/Plugins/Editor/SpeedTreeImporter/Content/SpeedTree9/game_wind_noise.ubulk" 264
"../../../Engine/Plugins/Editor/SpeedTreeImporter/Content/SpeedTree9/game_wind_noise.uasset" 265
"../../../Engine/Plugins/Editor/SpeedTreeImporter/Content/SpeedTree9/game_wind_noise.uexp" 266
"../../../Engine/Plugins/Editor/SpeedTreeImporter/Content/SpeedTree9/UnpackDirection.uasset" 267
"../../../Engine/Plugins/Editor/SpeedTreeImporter/Content/SpeedTree9/UnpackDirection.uexp" 268
"../../../Engine/Content/Functions/Engine_MaterialFunctions02/ObjectLocalBounds.uasset" 269
"../../../Engine/Content/Functions/Engine_MaterialFunctions02/ObjectLocalBounds.uexp" 270
"../../../Engine/Content/Functions/Engine_MaterialFunctions02/Utility/BreakOutFloat3Components.uasset" 271
"../../../Engine/Content/Functions/Engine_MaterialFunctions02/Utility/BreakOutFloat3Components.uexp" 272
"../../../Engine/Content/Functions/Engine_MaterialFunctions02/UVs/BoundingBoxBased_0-1_UVW.uasset" 273
"../../../Engine/Content/Functions/Engine_MaterialFunctions02/UVs/BoundingBoxBased_0-1_UVW.uexp" 274
"../../../Engine/Plugins/Editor/SpeedTreeImporter/Content/SpeedTree9/SpeedTreeBillboard.uasset" 275
"../../../Engine/Plugins/Editor/SpeedTreeImporter/Content/SpeedTree9/SpeedTreeBillboard.uexp" 276
"../../../Engine/Content/Functions/Engine_MaterialFunctions02/Utility/VectorLength.uasset" 277
"../../../Engine/Content/Functions/Engine_MaterialFunctions02/Utility/VectorLength.uexp" 278
"../../../Engine/Plugins/Editor/SpeedTreeImporter/Content/SpeedTree9/UnpackInteger3.uasset" 279
"../../../Engine/Plugins/Editor/SpeedTreeImporter/Content/SpeedTree9/UnpackInteger3.uexp" 280
"../../../Engine/Content/Functions/Engine_MaterialFunctions02/WorldPositionOffset/ObjectScale.uasset" 281
"../../../Engine/Content/Functions/Engine_MaterialFunctions02/WorldPositionOffset/ObjectScale.uexp" 282
"../../../Engine/Content/Functions/Engine_MaterialFunctions02/SafeNormalize.uasset" 283
"../../../Engine/Content/Functions/Engine_MaterialFunctions02/SafeNormalize.uexp" 284
"../../../Engine/Plugins/Editor/SpeedTreeImporter/Content/SpeedTree9/SpeedTreeWindMotion.uasset" 285
"../../../Engine/Plugins/Editor/SpeedTreeImporter/Content/SpeedTree9/SpeedTreeWindMotion.uexp" 286
"../../../Engine/Plugins/Editor/SpeedTreeImporter/Content/SpeedTree9/SpeedTreeBranchMotion.uasset" 287
"../../../Engine/Plugins/Editor/SpeedTreeImporter/Content/SpeedTree9/SpeedTreeBranchMotion.uexp" 288
"../../../Engine/Plugins/Editor/SpeedTreeImporter/Content/SpeedTree9/SpeedTreeWind.uasset" 289
"../../../Engine/Plugins/Editor/SpeedTreeImporter/Content/SpeedTree9/SpeedTreeWind.uexp" 290
"../../../Engine/Plugins/Editor/SpeedTreeImporter/Content/SpeedTree9/EmptyNormal.uasset" 291
"../../../Engine/Plugins/Editor/SpeedTreeImporter/Content/SpeedTree9/EmptyNormal.uexp" 292
"../../../Engine/Plugins/Editor/SpeedTreeImporter/Content/SpeedTree9/Empty.uasset" 293
"../../../Engine/Plugins/Editor/SpeedTreeImporter/Content/SpeedTree9/Empty.uexp" 294
"../../../Engine/Plugins/Editor/SpeedTreeImporter/Content/SpeedTree9/SpeedTreeBillboardMaster.uasset" 295
"../../../Engine/Plugins/Editor/SpeedTreeImporter/Content/SpeedTree9/SpeedTreeBillboardMaster.uexp" 296
"../../../Engine/Plugins/Editor/SpeedTreeImporter/Content/SpeedTree9/SpeedTreeCameraFacing.uasset" 297
"../../../Engine/Plugins/Editor/SpeedTreeImporter/Content/SpeedTree9/SpeedTreeCameraFacing.uexp" 298
"../../../Engine/Plugins/Editor/SpeedTreeImporter/Content/SpeedTree9/SpeedTreeMaster.uasset" 299
"../../../Engine/Plugins/Editor/SpeedTreeImporter/Content/SpeedTree9/SpeedTreeMaster.uexp" 300
"../../../Engine/Plugins/Interchange/Assets/Content/Functions/MX_AbsorptionVDF.uasset" 301
"../../../Engine/Plugins/Interchange/Assets/Content/Functions/MX_AbsorptionVDF.uexp" 302
"../../../Engine/Plugins/Interchange/Assets/Content/Functions/MX_AnisotropicVDF.uasset" 303
"../../../Engine/Plugins/Interchange/Assets/Content/Functions/MX_AnisotropicVDF.uexp" 304
"../../../Engine/Plugins/Interchange/Assets/Content/Functions/MX_BurleyDiffuseBSDF.uasset" 305
"../../../Engine/Plugins/Interchange/Assets/Content/Functions/MX_BurleyDiffuseBSDF.uexp" 306
"../../../Engine/Plugins/Interchange/Assets/Content/Functions/MX_ConductorBSDF.uasset" 307
"../../../Engine/Plugins/Interchange/Assets/Content/Functions/MX_ConductorBSDF.uexp" 308
"../../../Engine/Plugins/Interchange/Assets/Content/Functions/MX_ConicalEDF.uasset" 309
"../../../Engine/Plugins/Interchange/Assets/Content/Functions/MX_ConicalEDF.uexp" 310
"../../../Engine/Plugins/Interchange/Assets/Content/Functions/MX_DielectricBSDF.uasset" 311
"../../../Engine/Plugins/Interchange/Assets/Content/Functions/MX_DielectricBSDF.uexp" 312
"../../../Engine/Plugins/Interchange/Assets/Content/Functions/MX_GeneralizedSchlickBSDF.uasset" 313
"../../../Engine/Plugins/Interchange/Assets/Content/Functions/MX_GeneralizedSchlickBSDF.uexp" 314
"../../../Engine/Plugins/Interchange/Assets/Content/Functions/MX_MeasuredEDF.uasset" 315
"../../../Engine/Plugins/Interchange/Assets/Content/Functions/MX_MeasuredEDF.uexp" 316
"../../../Engine/Plugins/Interchange/Assets/Content/Utilities/New_LUT.uasset" 317
"../../../Engine/Plugins/Interchange/Assets/Content/Utilities/New_LUT.uexp" 318
"../../../Engine/Content/Functions/Engine_MaterialFunctions03/Math/RemapValueRange.uasset" 319
"../../../Engine/Content/Functions/Engine_MaterialFunctions03/Math/RemapValueRange.uexp" 320
"../../../Engine/Plugins/Interchange/Assets/Content/Functions/MF_Iridescence.uasset" 321
"../../../Engine/Plugins/Interchange/Assets/Content/Functions/MF_Iridescence.uexp" 322
"../../../Engine/Plugins/Interchange/Assets/Content/Functions/MX_StandardSurface.uasset" 323
"../../../Engine/Plugins/Interchange/Assets/Content/Functions/MX_StandardSurface.uexp" 324
"../../../Engine/Plugins/Interchange/Assets/Content/Functions/MX_OpenPBR_Opaque.uasset" 325
"../../../Engine/Plugins/Interchange/Assets/Content/Functions/MX_OpenPBR_Opaque.uexp" 326
"../../../Engine/Plugins/Interchange/Assets/Content/Functions/MX_TransmissionSurface.uasset" 327
"../../../Engine/Plugins/Interchange/Assets/Content/Functions/MX_TransmissionSurface.uexp" 328
"../../../Engine/Plugins/Interchange/Assets/Content/Functions/MX_OpenPBR_Translucent.uasset" 329
"../../../Engine/Plugins/Interchange/Assets/Content/Functions/MX_OpenPBR_Translucent.uexp" 330
"../../../Engine/Plugins/Interchange/Assets/Content/Functions/MX_OrenNayarBSDF.uasset" 331
"../../../Engine/Plugins/Interchange/Assets/Content/Functions/MX_OrenNayarBSDF.uexp" 332
"../../../Engine/Plugins/Interchange/Assets/Content/Functions/MX_SheenBSDF.uasset" 333
"../../../Engine/Plugins/Interchange/Assets/Content/Functions/MX_SheenBSDF.uexp" 334
"../../../Engine/Plugins/Interchange/Assets/Content/Functions/MX_SubsurfaceBSDF.uasset" 335
"../../../Engine/Plugins/Interchange/Assets/Content/Functions/MX_SubsurfaceBSDF.uexp" 336
"../../../Engine/Plugins/Interchange/Assets/Content/Functions/MX_Surface.uasset" 337
"../../../Engine/Plugins/Interchange/Assets/Content/Functions/MX_Surface.uexp" 338
"../../../Engine/Plugins/Interchange/Assets/Content/Functions/MX_SurfaceUnlit.uasset" 339
"../../../Engine/Plugins/Interchange/Assets/Content/Functions/MX_SurfaceUnlit.uexp" 340
"../../../Engine/Plugins/Interchange/Assets/Content/Functions/MX_ThinFilmBSDF.uasset" 341
"../../../Engine/Plugins/Interchange/Assets/Content/Functions/MX_ThinFilmBSDF.uexp" 342
"../../../Engine/Plugins/Interchange/Assets/Content/Functions/MX_TranslucentBSDF.uasset" 343
"../../../Engine/Plugins/Interchange/Assets/Content/Functions/MX_TranslucentBSDF.uexp" 344
"../../../Engine/Plugins/Interchange/Assets/Content/Functions/MX_UniformEDF.uasset" 345
"../../../Engine/Plugins/Interchange/Assets/Content/Functions/MX_UniformEDF.uexp" 346
"../../../Engine/Plugins/Interchange/Assets/Content/Functions/MX_UsdPreviewSurface.uasset" 347
"../../../Engine/Plugins/Interchange/Assets/Content/Functions/MX_UsdPreviewSurface.uexp" 348
"../../../Engine/Plugins/Runtime/HairStrands/Content/Materials/HairCardsDefaultMaterial.uasset" 349
"../../../Engine/Plugins/Runtime/HairStrands/Content/Materials/HairCardsDefaultMaterial.uexp" 350
"../../../Engine/Plugins/Runtime/HairStrands/Content/Materials/HairGroupColors.uasset" 351
"../../../Engine/Plugins/Runtime/HairStrands/Content/Materials/HairGroupColors.uexp" 352
"../../../Engine/Content/Functions/Engine_MaterialFunctions02/Utility/MakeFloat2.uasset" 353
"../../../Engine/Content/Functions/Engine_MaterialFunctions02/Utility/MakeFloat2.uexp" 354
"../../../Engine/Content/Functions/Engine_MaterialFunctions02/Utility/MakeFloat3.uasset" 355
"../../../Engine/Content/Functions/Engine_MaterialFunctions02/Utility/MakeFloat3.uexp" 356
"../../../Engine/Content/EngineMaterials/HairColorMap.uasset" 357
"../../../Engine/Content/EngineMaterials/HairColorMap.uexp" 358
"../../../Engine/Content/EngineMaterials/HairDebugColor.uasset" 359
"../../../Engine/Content/EngineMaterials/HairDebugColor.uexp" 360
"../../../Engine/Plugins/Runtime/HairStrands/Content/Materials/HairDebugMaterial.uasset" 361
"../../../Engine/Plugins/Runtime/HairStrands/Content/Materials/HairDebugMaterial.uexp" 362
"../../../Engine/Plugins/Runtime/HairStrands/Content/Materials/HairDefaultMaterial.uasset" 363
"../../../Engine/Plugins/Runtime/HairStrands/Content/Materials/HairDefaultMaterial.uexp" 364
"../../../Engine/Plugins/Runtime/HairStrands/Content/Materials/HairMeshesDefaultMaterial.uasset" 365
"../../../Engine/Plugins/Runtime/HairStrands/Content/Materials/HairMeshesDefaultMaterial.uexp" 366
"../../../Engine/Plugins/Runtime/MeshModelingToolset/Content/Materials/M_DynamicMeshComponentVtxColor.uasset" 367
"../../../Engine/Plugins/Runtime/MeshModelingToolset/Content/Materials/M_DynamicMeshComponentVtxColor.uexp" 368
"../../../Engine/Content/EngineMaterials/WeightMapPlaceholderTexture.uasset" 369
"../../../Engine/Content/EngineMaterials/WeightMapPlaceholderTexture.uexp" 370
"../../../Engine/Content/EngineMaterials/WeightMapArrayPlaceholderTexture.uasset" 371
"../../../Engine/Content/EngineMaterials/WeightMapArrayPlaceholderTexture.uexp" 372
"../../../Engine/Content/EngineMaterials/Substrate/GLints2/AGlintTex2dArray2.uasset" 373
"../../../Engine/Content/EngineMaterials/Substrate/GLints2/AGlintTex2dArray2.uexp" 374
"../../../Engine/Plugins/NNE/NNEDenoiser/Content/NNEDIM_ColorAlbedoNormal_Alpha.uasset" 375
"../../../Engine/Plugins/NNE/NNEDenoiser/Content/NNEDIM_ColorAlbedoNormal_Alpha.uexp" 376
"../../../Engine/Plugins/NNE/NNEDenoiser/Content/NNEDIM_ColorAlbedoNormal_Default.uasset" 377
"../../../Engine/Plugins/NNE/NNEDenoiser/Content/NNEDIM_ColorAlbedoNormal_Default.uexp" 378
"../../../Engine/Plugins/NNE/NNEDenoiser/Content/NNEDIM_HighQuality_Alpha.uasset" 379
"../../../Engine/Plugins/NNE/NNEDenoiser/Content/NNEDIM_HighQuality_Alpha.uexp" 380
"../../../Engine/Plugins/NNE/NNEDenoiser/Content/NNEDIM_HighQuality_Default.uasset" 381
"../../../Engine/Plugins/NNE/NNEDenoiser/Content/NNEDIM_HighQuality_Default.uexp" 382
"../../../Engine/Plugins/NNE/NNEDenoiser/Content/NNEDOM_Output_Alpha.uasset" 383
"../../../Engine/Plugins/NNE/NNEDenoiser/Content/NNEDOM_Output_Alpha.uexp" 384
"../../../Engine/Plugins/NNE/NNEDenoiser/Content/NNEDOM_Output_Default.uasset" 385
"../../../Engine/Plugins/NNE/NNEDenoiser/Content/NNEDOM_Output_Default.uexp" 386
"../../../Engine/Plugins/NNE/NNEDenoiser/Content/NNEDTIM_ColorAlbedoNormal_Alpha.uasset" 387
"../../../Engine/Plugins/NNE/NNEDenoiser/Content/NNEDTIM_ColorAlbedoNormal_Alpha.uexp" 388
"../../../Engine/Plugins/NNE/NNEDenoiser/Content/NNEDTIM_ColorAlbedoNormal_Default.uasset" 389
"../../../Engine/Plugins/NNE/NNEDenoiser/Content/NNEDTIM_ColorAlbedoNormal_Default.uexp" 390
"../../../Engine/Plugins/NNE/NNEDenoiser/Content/NNEDTOM_Output_Alpha.uasset" 391
"../../../Engine/Plugins/NNE/NNEDenoiser/Content/NNEDTOM_Output_Alpha.uexp" 392
"../../../Engine/Plugins/NNE/NNEDenoiser/Content/NNEDTOM_Output_Default.uasset" 393
"../../../Engine/Plugins/NNE/NNEDenoiser/Content/NNEDTOM_Output_Default.uexp" 394
"../../../Engine/Content/EngineMaterials/Substrate/GLints/AGlintTex2dArray.uasset" 395
"../../../Engine/Content/EngineMaterials/Substrate/GLints/AGlintTex2dArray.uexp" 396
"../../../Engine/Content/EngineMeshes/Sphere.ubulk" 397
"../../../Engine/Content/EngineMeshes/Sphere.uasset" 398
"../../../Engine/Content/EngineMeshes/Sphere.uexp" 399
"../../../Engine/Content/VREditor/TransformGizmo/Main.uasset" 400
"../../../Engine/Content/VREditor/TransformGizmo/Main.uexp" 401
"../../../Engine/Content/VREditor/TransformGizmo/Xray.uasset" 402
"../../../Engine/Content/VREditor/TransformGizmo/Xray.uexp" 403
"../../../Engine/Content/VREditor/TransformGizmo/SM_Sequencer_Node.ubulk" 404
"../../../Engine/Content/VREditor/TransformGizmo/SM_Sequencer_Node.uasset" 405
"../../../Engine/Content/VREditor/TransformGizmo/SM_Sequencer_Node.uexp" 406
"../../../Engine/Content/VREditor/LaserPointer/VR_LaserPower_01.ubulk" 407
"../../../Engine/Content/VREditor/LaserPointer/VR_LaserPower_01.uasset" 408
"../../../Engine/Content/VREditor/LaserPointer/VR_LaserPower_01.uexp" 409
"../../../Engine/Content/VREditor/TransformGizmo/TransformGizmoMaterial.uasset" 410
"../../../Engine/Content/VREditor/TransformGizmo/TransformGizmoMaterial.uexp" 411
"../../../Engine/Content/VREditor/TransformGizmo/TranslucentTransformGizmoMaterial.uasset" 412
"../../../Engine/Content/VREditor/TransformGizmo/TranslucentTransformGizmoMaterial.uexp" 413
"../../../Engine/Content/VREditor/TransformGizmo/BoundingBoxCorner.ubulk" 414
"../../../Engine/Content/VREditor/TransformGizmo/BoundingBoxCorner.uasset" 415
"../../../Engine/Content/VREditor/TransformGizmo/BoundingBoxCorner.uexp" 416
"../../../Engine/Content/VREditor/TransformGizmo/BoundingBoxEdge.ubulk" 417
"../../../Engine/Content/VREditor/TransformGizmo/BoundingBoxEdge.uasset" 418
"../../../Engine/Content/VREditor/TransformGizmo/BoundingBoxEdge.uexp" 419
"../../../Engine/Content/EditorMaterials/Camera/CineMat.uasset" 420
"../../../Engine/Content/EditorMaterials/Camera/CineMat.uexp" 421
"../../../Engine/Content/EditorMaterials/Camera/MI_CineMat_Rig.uasset" 422
"../../../Engine/Content/EditorMaterials/Camera/MI_CineMat_Rig.uexp" 423
"../../../Engine/Content/EditorMeshes/Camera/SM_CraneRig_Base.ubulk" 424
"../../../Engine/Content/EditorMeshes/Camera/SM_CraneRig_Base.uasset" 425
"../../../Engine/Content/EditorMeshes/Camera/SM_CraneRig_Base.uexp" 426
"../../../Engine/Content/EditorMeshes/Camera/SM_CraneRig_Arm.ubulk" 427
"../../../Engine/Content/EditorMeshes/Camera/SM_CraneRig_Arm.uasset" 428
"../../../Engine/Content/EditorMeshes/Camera/SM_CraneRig_Arm.uexp" 429
"../../../Engine/Content/EditorMeshes/Camera/SM_CraneRig_Mount.ubulk" 430
"../../../Engine/Content/EditorMeshes/Camera/SM_CraneRig_Mount.uasset" 431
"../../../Engine/Content/EditorMeshes/Camera/SM_CraneRig_Mount.uexp" 432
"../../../Engine/Content/EditorMeshes/Camera/SM_CraneRig_Body.ubulk" 433
"../../../Engine/Content/EditorMeshes/Camera/SM_CraneRig_Body.uasset" 434
"../../../Engine/Content/EditorMeshes/Camera/SM_CraneRig_Body.uexp" 435
"../../../Engine/Content/EditorMeshes/Camera/SM_RailRig_Track.ubulk" 436
"../../../Engine/Content/EditorMeshes/Camera/SM_RailRig_Track.uasset" 437
"../../../Engine/Content/EditorMeshes/Camera/SM_RailRig_Track.uexp" 438
"../../../Engine/Content/EditorMeshes/Camera/SM_RailRig_Mount.ubulk" 439
"../../../Engine/Content/EditorMeshes/Camera/SM_RailRig_Mount.uasset" 440
"../../../Engine/Content/EditorMeshes/Camera/SM_RailRig_Mount.uexp" 441
"../../../Engine/Content/EngineMaterials/T_Default_Material_Grid_M.ubulk" 442
"../../../Engine/Content/EngineMaterials/T_Default_Material_Grid_M.uasset" 443
"../../../Engine/Content/EngineMaterials/T_Default_Material_Grid_M.uexp" 444
"../../../Engine/Content/EngineMaterials/T_Default_Material_Grid_N.ubulk" 445
"../../../Engine/Content/EngineMaterials/T_Default_Material_Grid_N.uasset" 446
"../../../Engine/Content/EngineMaterials/T_Default_Material_Grid_N.uexp" 447
"../../../Engine/Content/Functions/Engine_MaterialFunctions01/Opacity/CameraDepthFade.uasset" 448
"../../../Engine/Content/Functions/Engine_MaterialFunctions01/Opacity/CameraDepthFade.uexp" 449
"../../../Engine/Content/EngineMaterials/WorldGridMaterial.uasset" 450
"../../../Engine/Content/EngineMaterials/WorldGridMaterial.uexp" 451
"../../../Engine/Content/ArtTools/RenderToTexture/Meshes/S_1_Unit_Plane.ubulk" 452
"../../../Engine/Content/ArtTools/RenderToTexture/Meshes/S_1_Unit_Plane.uasset" 453
"../../../Engine/Content/ArtTools/RenderToTexture/Meshes/S_1_Unit_Plane.uexp" 454
"../../../Engine/Content/Functions/Engine_MaterialFunctions02/Texturing/CustomRotator.uasset" 455
"../../../Engine/Content/Functions/Engine_MaterialFunctions02/Texturing/CustomRotator.uexp" 456
"../../../Engine/Content/Functions/Engine_MaterialFunctions01/Texturing/ScaleUVsByCenter.uasset" 457
"../../../Engine/Content/Functions/Engine_MaterialFunctions01/Texturing/ScaleUVsByCenter.uexp" 458
"../../../Engine/Plugins/Runtime/AudioWidgets/Content/AudioMaterialSlate/Functions/MF_SingleLine_Smooth.uasset" 459
"../../../Engine/Plugins/Runtime/AudioWidgets/Content/AudioMaterialSlate/Functions/MF_SingleLine_Smooth.uexp" 460
"../../../Engine/Plugins/Runtime/AudioWidgets/Content/AudioMaterialSlate/Functions/MF_AngleGradient.uasset" 461
"../../../Engine/Plugins/Runtime/AudioWidgets/Content/AudioMaterialSlate/Functions/MF_AngleGradient.uexp" 462
"../../../Engine/Plugins/Runtime/AudioWidgets/Content/AudioMaterialSlate/Functions/MF_SingleLine.uasset" 463
"../../../Engine/Plugins/Runtime/AudioWidgets/Content/AudioMaterialSlate/Functions/MF_SingleLine.uexp" 464
"../../../Engine/Content/Functions/Engine_MaterialFunctions01/Gradient/SphereGradient-2D.uasset" 465
"../../../Engine/Content/Functions/Engine_MaterialFunctions01/Gradient/SphereGradient-2D.uexp" 466
"../../../Engine/Plugins/Runtime/AudioWidgets/Content/AudioMaterialSlate/M_AudioMaterialToggleButton.uasset" 467
"../../../Engine/Plugins/Runtime/AudioWidgets/Content/AudioMaterialSlate/M_AudioMaterialToggleButton.uexp" 468
"../../../Engine/Plugins/Runtime/AudioWidgets/Content/AudioMaterialSlate/MI_AudioMaterialToggleButton.uasset" 469
"../../../Engine/Plugins/Runtime/AudioWidgets/Content/AudioMaterialSlate/MI_AudioMaterialToggleButton.uexp" 470
"../../../Engine/Content/Functions/Engine_MaterialFunctions01/Gradient/GeneratedRoundRect.uasset" 471
"../../../Engine/Content/Functions/Engine_MaterialFunctions01/Gradient/GeneratedRoundRect.uexp" 472
"../../../Engine/Plugins/Runtime/AudioWidgets/Content/AudioMaterialSlate/M_AudioMaterialRoundedSlider.uasset" 473
"../../../Engine/Plugins/Runtime/AudioWidgets/Content/AudioMaterialSlate/M_AudioMaterialRoundedSlider.uexp" 474
"../../../Engine/Plugins/Runtime/AudioWidgets/Content/AudioMaterialSlate/MI_AudioMaterialRoundedSlider.uasset" 475
"../../../Engine/Plugins/Runtime/AudioWidgets/Content/AudioMaterialSlate/MI_AudioMaterialRoundedSlider.uexp" 476
"../../../Engine/Plugins/Runtime/AudioWidgets/Content/AudioMaterialSlate/Functions/MF_Lines.uasset" 477
"../../../Engine/Plugins/Runtime/AudioWidgets/Content/AudioMaterialSlate/Functions/MF_Lines.uexp" 478
"../../../Engine/Content/Functions/Engine_MaterialFunctions02/Lerp_3Color.uasset" 479
"../../../Engine/Content/Functions/Engine_MaterialFunctions02/Lerp_3Color.uexp" 480
"../../../Engine/Plugins/Runtime/AudioWidgets/Content/AudioMaterialSlate/M_AudioMaterialMeter.uasset" 481
"../../../Engine/Plugins/Runtime/AudioWidgets/Content/AudioMaterialSlate/M_AudioMaterialMeter.uexp" 482
"../../../Engine/Plugins/Runtime/AudioWidgets/Content/AudioMaterialSlate/MI_AudioMaterialMeter.uasset" 483
"../../../Engine/Plugins/Runtime/AudioWidgets/Content/AudioMaterialSlate/MI_AudioMaterialMeter.uexp" 484
"../../../Engine/Plugins/Runtime/AudioWidgets/Content/AudioMaterialSlate/M_AudioMaterialKnob.uasset" 485
"../../../Engine/Plugins/Runtime/AudioWidgets/Content/AudioMaterialSlate/M_AudioMaterialKnob.uexp" 486
"../../../Engine/Plugins/Runtime/AudioWidgets/Content/AudioMaterialSlate/MI_AudioMaterialKnob.uasset" 487
"../../../Engine/Plugins/Runtime/AudioWidgets/Content/AudioMaterialSlate/MI_AudioMaterialKnob.uexp" 488
"../../../Engine/Plugins/Runtime/AudioWidgets/Content/AudioMaterialSlate/Functions/MF_DotOutlined.uasset" 489
"../../../Engine/Plugins/Runtime/AudioWidgets/Content/AudioMaterialSlate/Functions/MF_DotOutlined.uexp" 490
"../../../Engine/Plugins/Runtime/AudioWidgets/Content/AudioMaterialSlate/M_AudioMaterialEnvelope_ADSR.uasset" 491
"../../../Engine/Plugins/Runtime/AudioWidgets/Content/AudioMaterialSlate/M_AudioMaterialEnvelope_ADSR.uexp" 492
"../../../Engine/Plugins/Runtime/AudioWidgets/Content/AudioMaterialSlate/MI_AudioMaterialEnvelope_ADSR.uasset" 493
"../../../Engine/Plugins/Runtime/AudioWidgets/Content/AudioMaterialSlate/MI_AudioMaterialEnvelope_ADSR.uexp" 494
"../../../Engine/Plugins/Media/MediaPlate/Content/SM_MediaPlateScreen.ubulk" 495
"../../../Engine/Plugins/Media/MediaPlate/Content/SM_MediaPlateScreen.uasset" 496
"../../../Engine/Plugins/Media/MediaPlate/Content/SM_MediaPlateScreen.uexp" 497
"../../../Engine/Plugins/Animation/ControlRig/Content/Controls/ControlRig_Wedge_solid.ubulk" 498
"../../../Engine/Plugins/Animation/ControlRig/Content/Controls/ControlRig_Wedge_solid.uasset" 499
"../../../Engine/Plugins/Animation/ControlRig/Content/Controls/ControlRig_Wedge_solid.uexp" 500
"../../../Engine/Plugins/Animation/ControlRig/Content/Controls/ControlRig_Wedge_3mm.ubulk" 501
"../../../Engine/Plugins/Animation/ControlRig/Content/Controls/ControlRig_Wedge_3mm.uasset" 502
"../../../Engine/Plugins/Animation/ControlRig/Content/Controls/ControlRig_Wedge_3mm.uexp" 503
"../../../Engine/Plugins/Animation/ControlRig/Content/Controls/ControlRig_Wedge_1mm.ubulk" 504
"../../../Engine/Plugins/Animation/ControlRig/Content/Controls/ControlRig_Wedge_1mm.uasset" 505
"../../../Engine/Plugins/Animation/ControlRig/Content/Controls/ControlRig_Wedge_1mm.uexp" 506
"../../../Engine/Plugins/Animation/ControlRig/Content/Controls/ControlRig_Triangle_solid.ubulk" 507
"../../../Engine/Plugins/Animation/ControlRig/Content/Controls/ControlRig_Triangle_solid.uasset" 508
"../../../Engine/Plugins/Animation/ControlRig/Content/Controls/ControlRig_Triangle_solid.uexp" 509
"../../../Engine/Plugins/Animation/ControlRig/Content/Controls/ControlRig_Triangle_3mm.ubulk" 510
"../../../Engine/Plugins/Animation/ControlRig/Content/Controls/ControlRig_Triangle_3mm.uasset" 511
"../../../Engine/Plugins/Animation/ControlRig/Content/Controls/ControlRig_Triangle_3mm.uexp" 512
"../../../Engine/Plugins/Animation/ControlRig/Content/Controls/ControlRig_Triangle_1mm.ubulk" 513
"../../../Engine/Plugins/Animation/ControlRig/Content/Controls/ControlRig_Triangle_1mm.uasset" 514
"../../../Engine/Plugins/Animation/ControlRig/Content/Controls/ControlRig_Triangle_1mm.uexp" 515
"../../../Engine/Plugins/Animation/ControlRig/Content/Controls/ControlRig_Star4_solid.ubulk" 516
"../../../Engine/Plugins/Animation/ControlRig/Content/Controls/ControlRig_Star4_solid.uasset" 517
"../../../Engine/Plugins/Animation/ControlRig/Content/Controls/ControlRig_Star4_solid.uexp" 518
"../../../Engine/Plugins/Animation/ControlRig/Content/Controls/ControlRig_Star4_3mm.ubulk" 519
"../../../Engine/Plugins/Animation/ControlRig/Content/Controls/ControlRig_Star4_3mm.uasset" 520
"../../../Engine/Plugins/Animation/ControlRig/Content/Controls/ControlRig_Star4_3mm.uexp" 521
"../../../Engine/Plugins/Animation/ControlRig/Content/Controls/ControlRig_Star4_1mm.ubulk" 522
"../../../Engine/Plugins/Animation/ControlRig/Content/Controls/ControlRig_Star4_1mm.uasset" 523
"../../../Engine/Plugins/Animation/ControlRig/Content/Controls/ControlRig_Star4_1mm.uexp" 524
"../../../Engine/Plugins/Animation/ControlRig/Content/Controls/ControlRig_Square_solid.ubulk" 525
"../../../Engine/Plugins/Animation/ControlRig/Content/Controls/ControlRig_Square_solid.uasset" 526
"../../../Engine/Plugins/Animation/ControlRig/Content/Controls/ControlRig_Square_solid.uexp" 527
"../../../Engine/Plugins/Animation/ControlRig/Content/Controls/ControlRig_Square_3mm.ubulk" 528
"../../../Engine/Plugins/Animation/ControlRig/Content/Controls/ControlRig_Square_3mm.uasset" 529
"../../../Engine/Plugins/Animation/ControlRig/Content/Controls/ControlRig_Square_3mm.uexp" 530
"../../../Engine/Plugins/Animation/ControlRig/Content/Controls/ControlRig_Square_1mm.ubulk" 531
"../../../Engine/Plugins/Animation/ControlRig/Content/Controls/ControlRig_Square_1mm.uasset" 532
"../../../Engine/Plugins/Animation/ControlRig/Content/Controls/ControlRig_Square_1mm.uexp" 533
"../../../Engine/Plugins/Animation/ControlRig/Content/Controls/ControlRig_Sphere_solid.ubulk" 534
"../../../Engine/Plugins/Animation/ControlRig/Content/Controls/ControlRig_Sphere_solid.uasset" 535
"../../../Engine/Plugins/Animation/ControlRig/Content/Controls/ControlRig_Sphere_solid.uexp" 536
"../../../Engine/Plugins/Animation/ControlRig/Content/Controls/ControlRig_Sphere_3mm.ubulk" 537
"../../../Engine/Plugins/Animation/ControlRig/Content/Controls/ControlRig_Sphere_3mm.uasset" 538
"../../../Engine/Plugins/Animation/ControlRig/Content/Controls/ControlRig_Sphere_3mm.uexp" 539
"../../../Engine/Plugins/Animation/ControlRig/Content/Controls/ControlRig_Sphere_1mm.ubulk" 540
"../../../Engine/Plugins/Animation/ControlRig/Content/Controls/ControlRig_Sphere_1mm.uasset" 541
"../../../Engine/Plugins/Animation/ControlRig/Content/Controls/ControlRig_Sphere_1mm.uexp" 542
"../../../Engine/Plugins/Animation/ControlRig/Content/Controls/ControlRig_RoundedTriangle_solid.ubulk" 543
"../../../Engine/Plugins/Animation/ControlRig/Content/Controls/ControlRig_RoundedTriangle_solid.uasset" 544
"../../../Engine/Plugins/Animation/ControlRig/Content/Controls/ControlRig_RoundedTriangle_solid.uexp" 545
"../../../Engine/Plugins/Animation/ControlRig/Content/Controls/ControlRig_RoundedTriangle_3mm.ubulk" 546
"../../../Engine/Plugins/Animation/ControlRig/Content/Controls/ControlRig_RoundedTriangle_3mm.uasset" 547
"../../../Engine/Plugins/Animation/ControlRig/Content/Controls/ControlRig_RoundedTriangle_3mm.uexp" 548
"../../../Engine/Plugins/Animation/ControlRig/Content/Controls/ControlRig_RoundedTriangle_1mm.ubulk" 549
"../../../Engine/Plugins/Animation/ControlRig/Content/Controls/ControlRig_RoundedTriangle_1mm.uasset" 550
"../../../Engine/Plugins/Animation/ControlRig/Content/Controls/ControlRig_RoundedTriangle_1mm.uexp" 551
"../../../Engine/Plugins/Animation/ControlRig/Content/Controls/ControlRig_RoundedSquare_solid.ubulk" 552
"../../../Engine/Plugins/Animation/ControlRig/Content/Controls/ControlRig_RoundedSquare_solid.uasset" 553
"../../../Engine/Plugins/Animation/ControlRig/Content/Controls/ControlRig_RoundedSquare_solid.uexp" 554
"../../../Engine/Plugins/Animation/ControlRig/Content/Controls/ControlRig_RoundedSquare_3mm.ubulk" 555
"../../../Engine/Plugins/Animation/ControlRig/Content/Controls/ControlRig_RoundedSquare_3mm.uasset" 556
"../../../Engine/Plugins/Animation/ControlRig/Content/Controls/ControlRig_RoundedSquare_3mm.uexp" 557
"../../../Engine/Plugins/Animation/ControlRig/Content/Controls/ControlRig_RoundedSquare_1mm.ubulk" 558
"../../../Engine/Plugins/Animation/ControlRig/Content/Controls/ControlRig_RoundedSquare_1mm.uasset" 559
"../../../Engine/Plugins/Animation/ControlRig/Content/Controls/ControlRig_RoundedSquare_1mm.uexp" 560
"../../../Engine/Plugins/Animation/ControlRig/Content/Controls/ControlRig_QuarterCircle_solid.ubulk" 561
"../../../Engine/Plugins/Animation/ControlRig/Content/Controls/ControlRig_QuarterCircle_solid.uasset" 562
"../../../Engine/Plugins/Animation/ControlRig/Content/Controls/ControlRig_QuarterCircle_solid.uexp" 563
"../../../Engine/Plugins/Animation/ControlRig/Content/Controls/ControlRig_QuarterCircle_3mm.ubulk" 564
"../../../Engine/Plugins/Animation/ControlRig/Content/Controls/ControlRig_QuarterCircle_3mm.uasset" 565
"../../../Engine/Plugins/Animation/ControlRig/Content/Controls/ControlRig_QuarterCircle_3mm.uexp" 566
"../../../Engine/Plugins/Animation/ControlRig/Content/Controls/ControlRig_QuarterCircle_1mm.ubulk" 567
"../../../Engine/Plugins/Animation/ControlRig/Content/Controls/ControlRig_QuarterCircle_1mm.uasset" 568
"../../../Engine/Plugins/Animation/ControlRig/Content/Controls/ControlRig_QuarterCircle_1mm.uexp" 569
"../../../Engine/Plugins/Animation/ControlRig/Content/Controls/ControlRig_Pyramid_solid.ubulk" 570
"../../../Engine/Plugins/Animation/ControlRig/Content/Controls/ControlRig_Pyramid_solid.uasset" 571
"../../../Engine/Plugins/Animation/ControlRig/Content/Controls/ControlRig_Pyramid_solid.uexp" 572
"../../../Engine/Plugins/Animation/ControlRig/Content/Controls/ControlRig_Pyramid_3mm.ubulk" 573
"../../../Engine/Plugins/Animation/ControlRig/Content/Controls/ControlRig_Pyramid_3mm.uasset" 574
"../../../Engine/Plugins/Animation/ControlRig/Content/Controls/ControlRig_Pyramid_3mm.uexp" 575
"../../../Engine/Plugins/Animation/ControlRig/Content/Controls/ControlRig_Pyramid_1mm.ubulk" 576
"../../../Engine/Plugins/Animation/ControlRig/Content/Controls/ControlRig_Pyramid_1mm.uasset" 577
"../../../Engine/Plugins/Animation/ControlRig/Content/Controls/ControlRig_Pyramid_1mm.uexp" 578
"../../../Engine/Plugins/Animation/ControlRig/Content/Controls/ControlRig_Octagon_solid.ubulk" 579
"../../../Engine/Plugins/Animation/ControlRig/Content/Controls/ControlRig_Octagon_solid.uasset" 580
"../../../Engine/Plugins/Animation/ControlRig/Content/Controls/ControlRig_Octagon_solid.uexp" 581
"../../../Engine/Plugins/Animation/ControlRig/Content/Controls/ControlRig_Octagon_3mm.ubulk" 582
"../../../Engine/Plugins/Animation/ControlRig/Content/Controls/ControlRig_Octagon_3mm.uasset" 583
"../../../Engine/Plugins/Animation/ControlRig/Content/Controls/ControlRig_Octagon_3mm.uexp" 584
"../../../Engine/Plugins/Animation/ControlRig/Content/Controls/ControlRig_Octagon_1mm.ubulk" 585
"../../../Engine/Plugins/Animation/ControlRig/Content/Controls/ControlRig_Octagon_1mm.uasset" 586
"../../../Engine/Plugins/Animation/ControlRig/Content/Controls/ControlRig_Octagon_1mm.uexp" 587
"../../../Engine/Plugins/Animation/ControlRig/Content/Controls/ControlRig_Hexagon_solid.ubulk" 588
"../../../Engine/Plugins/Animation/ControlRig/Content/Controls/ControlRig_Hexagon_solid.uasset" 589
"../../../Engine/Plugins/Animation/ControlRig/Content/Controls/ControlRig_Hexagon_solid.uexp" 590
"../../../Engine/Plugins/Animation/ControlRig/Content/Controls/ControlRig_Hexagon_3mm.ubulk" 591
"../../../Engine/Plugins/Animation/ControlRig/Content/Controls/ControlRig_Hexagon_3mm.uasset" 592
"../../../Engine/Plugins/Animation/ControlRig/Content/Controls/ControlRig_Hexagon_3mm.uexp" 593
"../../../Engine/Plugins/Animation/ControlRig/Content/Controls/ControlRig_Hexagon_1mm.ubulk" 594
"../../../Engine/Plugins/Animation/ControlRig/Content/Controls/ControlRig_Hexagon_1mm.uasset" 595
"../../../Engine/Plugins/Animation/ControlRig/Content/Controls/ControlRig_Hexagon_1mm.uexp" 596
"../../../Engine/Plugins/Animation/ControlRig/Content/Controls/ControlRig_HalfCircle_solid.ubulk" 597
"../../../Engine/Plugins/Animation/ControlRig/Content/Controls/ControlRig_HalfCircle_solid.uasset" 598
"../../../Engine/Plugins/Animation/ControlRig/Content/Controls/ControlRig_HalfCircle_solid.uexp" 599
"../../../Engine/Plugins/Animation/ControlRig/Content/Controls/ControlRig_HalfCircle_3mm.ubulk" 600
"../../../Engine/Plugins/Animation/ControlRig/Content/Controls/ControlRig_HalfCircle_3mm.uasset" 601
"../../../Engine/Plugins/Animation/ControlRig/Content/Controls/ControlRig_HalfCircle_3mm.uexp" 602
"../../../Engine/Plugins/Animation/ControlRig/Content/Controls/ControlRig_HalfCircle_1mm.ubulk" 603
"../../../Engine/Plugins/Animation/ControlRig/Content/Controls/ControlRig_HalfCircle_1mm.uasset" 604
"../../../Engine/Plugins/Animation/ControlRig/Content/Controls/ControlRig_HalfCircle_1mm.uexp" 605
"../../../Engine/Plugins/Animation/ControlRig/Content/Controls/ControlRig_Diamond_solid.ubulk" 606
"../../../Engine/Plugins/Animation/ControlRig/Content/Controls/ControlRig_Diamond_solid.uasset" 607
"../../../Engine/Plugins/Animation/ControlRig/Content/Controls/ControlRig_Diamond_solid.uexp" 608
"../../../Engine/Plugins/Animation/ControlRig/Content/Controls/ControlRig_Diamond_3mm.ubulk" 609
"../../../Engine/Plugins/Animation/ControlRig/Content/Controls/ControlRig_Diamond_3mm.uasset" 610
"../../../Engine/Plugins/Animation/ControlRig/Content/Controls/ControlRig_Diamond_3mm.uexp" 611
"../../../Engine/Plugins/Animation/ControlRig/Content/Controls/ControlRig_Diamond_1mm.ubulk" 612
"../../../Engine/Plugins/Animation/ControlRig/Content/Controls/ControlRig_Diamond_1mm.uasset" 613
"../../../Engine/Plugins/Animation/ControlRig/Content/Controls/ControlRig_Diamond_1mm.uexp" 614
"../../../Engine/Plugins/Animation/ControlRig/Content/Controls/ControlRig_Circle_solid.ubulk" 615
"../../../Engine/Plugins/Animation/ControlRig/Content/Controls/ControlRig_Circle_solid.uasset" 616
"../../../Engine/Plugins/Animation/ControlRig/Content/Controls/ControlRig_Circle_solid.uexp" 617
"../../../Engine/Plugins/Animation/ControlRig/Content/Controls/ControlRig_Circle_3mm.ubulk" 618
"../../../Engine/Plugins/Animation/ControlRig/Content/Controls/ControlRig_Circle_3mm.uasset" 619
"../../../Engine/Plugins/Animation/ControlRig/Content/Controls/ControlRig_Circle_3mm.uexp" 620
"../../../Engine/Plugins/Animation/ControlRig/Content/Controls/ControlRig_Circle_1mm.ubulk" 621
"../../../Engine/Plugins/Animation/ControlRig/Content/Controls/ControlRig_Circle_1mm.uasset" 622
"../../../Engine/Plugins/Animation/ControlRig/Content/Controls/ControlRig_Circle_1mm.uexp" 623
"../../../Engine/Plugins/Animation/ControlRig/Content/Controls/ControlRig_Box_solid.ubulk" 624
"../../../Engine/Plugins/Animation/ControlRig/Content/Controls/ControlRig_Box_solid.uasset" 625
"../../../Engine/Plugins/Animation/ControlRig/Content/Controls/ControlRig_Box_solid.uexp" 626
"../../../Engine/Plugins/Animation/ControlRig/Content/Controls/ControlRig_Box_3mm.ubulk" 627
"../../../Engine/Plugins/Animation/ControlRig/Content/Controls/ControlRig_Box_3mm.uasset" 628
"../../../Engine/Plugins/Animation/ControlRig/Content/Controls/ControlRig_Box_3mm.uexp" 629
"../../../Engine/Plugins/Animation/ControlRig/Content/Controls/ControlRig_Box_1mm.ubulk" 630
"../../../Engine/Plugins/Animation/ControlRig/Content/Controls/ControlRig_Box_1mm.uasset" 631
"../../../Engine/Plugins/Animation/ControlRig/Content/Controls/ControlRig_Box_1mm.uexp" 632
"../../../Engine/Plugins/Animation/ControlRig/Content/Controls/ControlRig_Arrow_solid.ubulk" 633
"../../../Engine/Plugins/Animation/ControlRig/Content/Controls/ControlRig_Arrow_solid.uasset" 634
"../../../Engine/Plugins/Animation/ControlRig/Content/Controls/ControlRig_Arrow_solid.uexp" 635
"../../../Engine/Plugins/Animation/ControlRig/Content/Controls/ControlRig_Arrow_3mm.ubulk" 636
"../../../Engine/Plugins/Animation/ControlRig/Content/Controls/ControlRig_Arrow_3mm.uasset" 637
"../../../Engine/Plugins/Animation/ControlRig/Content/Controls/ControlRig_Arrow_3mm.uexp" 638
"../../../Engine/Plugins/Animation/ControlRig/Content/Controls/ControlRig_Arrow_1mm.ubulk" 639
"../../../Engine/Plugins/Animation/ControlRig/Content/Controls/ControlRig_Arrow_1mm.uasset" 640
"../../../Engine/Plugins/Animation/ControlRig/Content/Controls/ControlRig_Arrow_1mm.uexp" 641
"../../../Engine/Plugins/Animation/ControlRig/Content/Controls/ControlRig_Arrow4_solid.ubulk" 642
"../../../Engine/Plugins/Animation/ControlRig/Content/Controls/ControlRig_Arrow4_solid.uasset" 643
"../../../Engine/Plugins/Animation/ControlRig/Content/Controls/ControlRig_Arrow4_solid.uexp" 644
"../../../Engine/Plugins/Animation/ControlRig/Content/Controls/ControlRig_Arrow4_3mm.ubulk" 645
"../../../Engine/Plugins/Animation/ControlRig/Content/Controls/ControlRig_Arrow4_3mm.uasset" 646
"../../../Engine/Plugins/Animation/ControlRig/Content/Controls/ControlRig_Arrow4_3mm.uexp" 647
"../../../Engine/Plugins/Animation/ControlRig/Content/Controls/ControlRig_Arrow4_1mm.ubulk" 648
"../../../Engine/Plugins/Animation/ControlRig/Content/Controls/ControlRig_Arrow4_1mm.uasset" 649
"../../../Engine/Plugins/Animation/ControlRig/Content/Controls/ControlRig_Arrow4_1mm.uexp" 650
"../../../Engine/Plugins/Animation/ControlRig/Content/Controls/ControlRig_Arrow2_solid.ubulk" 651
"../../../Engine/Plugins/Animation/ControlRig/Content/Controls/ControlRig_Arrow2_solid.uasset" 652
"../../../Engine/Plugins/Animation/ControlRig/Content/Controls/ControlRig_Arrow2_solid.uexp" 653
"../../../Engine/Plugins/Animation/ControlRig/Content/Controls/ControlRig_Arrow2_3mm.ubulk" 654
"../../../Engine/Plugins/Animation/ControlRig/Content/Controls/ControlRig_Arrow2_3mm.uasset" 655
"../../../Engine/Plugins/Animation/ControlRig/Content/Controls/ControlRig_Arrow2_3mm.uexp" 656
"../../../Engine/Plugins/Animation/ControlRig/Content/Controls/ControlRig_Arrow2_1mm.ubulk" 657
"../../../Engine/Plugins/Animation/ControlRig/Content/Controls/ControlRig_Arrow2_1mm.uasset" 658
"../../../Engine/Plugins/Animation/ControlRig/Content/Controls/ControlRig_Arrow2_1mm.uexp" 659
"../../../Engine/Plugins/2D/Paper2D/Content/DefaultSpriteMaterial.uasset" 660
"../../../Engine/Plugins/2D/Paper2D/Content/DefaultSpriteMaterial.uexp" 661
"../../../Engine/Plugins/2D/Paper2D/Content/OpaqueUnlitSpriteMaterial.uasset" 662
"../../../Engine/Plugins/2D/Paper2D/Content/OpaqueUnlitSpriteMaterial.uexp" 663
"../../../Engine/Plugins/2D/Paper2D/Content/MaskedUnlitSpriteMaterial.uasset" 664
"../../../Engine/Plugins/2D/Paper2D/Content/MaskedUnlitSpriteMaterial.uexp" 665
"../../../Engine/Content/VREditor/TransformGizmo/StartRotationHandleIndicator.ubulk" 666
"../../../Engine/Content/VREditor/TransformGizmo/StartRotationHandleIndicator.uasset" 667
"../../../Engine/Content/VREditor/TransformGizmo/StartRotationHandleIndicator.uexp" 668
"../../../Engine/Content/VREditor/Sounds/UI/Drop_Item_From_ContentBrowser.ubulk" 669
"../../../Engine/Content/VREditor/Sounds/UI/Drop_Item_From_ContentBrowser.uasset" 670
"../../../Engine/Content/VREditor/Sounds/UI/Drop_Item_From_ContentBrowser.uexp" 671
"../../../Engine/Content/VREditor/TransformGizmo/PlaneTranslationHandle.ubulk" 672
"../../../Engine/Content/VREditor/TransformGizmo/PlaneTranslationHandle.uasset" 673
"../../../Engine/Content/VREditor/TransformGizmo/PlaneTranslationHandle.uexp" 674
"../../../Engine/Content/VREditor/Sounds/UI/Object_Snaps_To_Grid.ubulk" 675
"../../../Engine/Content/VREditor/Sounds/UI/Object_Snaps_To_Grid.uasset" 676
"../../../Engine/Content/VREditor/Sounds/UI/Object_Snaps_To_Grid.uexp" 677
"../../../Engine/Content/VREditor/Sounds/UI/Selection_Changes.ubulk" 678
"../../../Engine/Content/VREditor/Sounds/UI/Selection_Changes.uasset" 679
"../../../Engine/Content/VREditor/Sounds/UI/Selection_Changes.uexp" 680
"../../../Engine/Content/VREditor/Sounds/UI/Object_Snaps_To_Another_Actor.ubulk" 681
"../../../Engine/Content/VREditor/Sounds/UI/Object_Snaps_To_Another_Actor.uasset" 682
"../../../Engine/Content/VREditor/Sounds/UI/Object_Snaps_To_Another_Actor.uexp" 683
"../../../Engine/Content/VREditor/TransformGizmo/TranslucentTransformGizmoMaterial_Inst.uasset" 684
"../../../Engine/Content/VREditor/TransformGizmo/TranslucentTransformGizmoMaterial_Inst.uexp" 685
"../../../Engine/Content/VREditor/TransformGizmo/TransformGizmoFreeRotation.ubulk" 686
"../../../Engine/Content/VREditor/TransformGizmo/TransformGizmoFreeRotation.uasset" 687
"../../../Engine/Content/VREditor/TransformGizmo/TransformGizmoFreeRotation.uexp" 688
"../../../Engine/Content/VREditor/Sounds/UI/Scaling_Down.ubulk" 689
"../../../Engine/Content/VREditor/Sounds/UI/Scaling_Down.uasset" 690
"../../../Engine/Content/VREditor/Sounds/UI/Scaling_Down.uexp" 691
"../../../Engine/Content/Functions/Engine_MaterialFunctions02/Math/Transform3x3Matrix.uasset" 692
"../../../Engine/Content/Functions/Engine_MaterialFunctions02/Math/Transform3x3Matrix.uexp" 693
"../../../Engine/Content/Functions/Engine_MaterialFunctions02/SplitComponents.uasset" 694
"../../../Engine/Content/Functions/Engine_MaterialFunctions02/SplitComponents.uexp" 695
"../../../Engine/Content/VREditor/SnapGrid/SnapGridMaterial.uasset" 696
"../../../Engine/Content/VREditor/SnapGrid/SnapGridMaterial.uexp" 697
"../../../Engine/Content/VREditor/SnapGrid/SnapGridPlaneMesh.ubulk" 698
"../../../Engine/Content/VREditor/SnapGrid/SnapGridPlaneMesh.uasset" 699
"../../../Engine/Content/VREditor/SnapGrid/SnapGridPlaneMesh.uexp" 700
"../../../Engine/Content/VREditor/Sounds/UI/Scaling_Up.ubulk" 701
"../../../Engine/Content/VREditor/Sounds/UI/Scaling_Up.uasset" 702
"../../../Engine/Content/VREditor/Sounds/UI/Scaling_Up.uexp" 703
"../../../Engine/Content/VREditor/TransformGizmo/TransformGizmoMaterial_Inst.uasset" 704
"../../../Engine/Content/VREditor/TransformGizmo/TransformGizmoMaterial_Inst.uexp" 705
"../../../Engine/Content/VREditor/Sounds/UI/Gizmo_Handle_Clicked.ubulk" 706
"../../../Engine/Content/VREditor/Sounds/UI/Gizmo_Handle_Clicked.uasset" 707
"../../../Engine/Content/VREditor/Sounds/UI/Gizmo_Handle_Clicked.uexp" 708
"../../../Engine/Content/VREditor/TransformGizmo/RotationHandleQuarter.ubulk" 709
"../../../Engine/Content/VREditor/TransformGizmo/RotationHandleQuarter.uasset" 710
"../../../Engine/Content/VREditor/TransformGizmo/RotationHandleQuarter.uexp" 711
"../../../Engine/Content/VREditor/TransformGizmo/TranslateArrowHandle.ubulk" 712
"../../../Engine/Content/VREditor/TransformGizmo/TranslateArrowHandle.uasset" 713
"../../../Engine/Content/VREditor/TransformGizmo/TranslateArrowHandle.uexp" 714
"../../../Engine/Content/VREditor/TransformGizmo/RotationHandleIndicator.ubulk" 715
"../../../Engine/Content/VREditor/TransformGizmo/RotationHandleIndicator.uasset" 716
"../../../Engine/Content/VREditor/TransformGizmo/RotationHandleIndicator.uexp" 717
"../../../Engine/Content/VREditor/TransformGizmo/UniformScaleHandle.ubulk" 718
"../../../Engine/Content/VREditor/TransformGizmo/UniformScaleHandle.uasset" 719
"../../../Engine/Content/VREditor/TransformGizmo/UniformScaleHandle.uexp" 720
"../../../Engine/Content/VREditor/TransformGizmo/RotationHandleFull.ubulk" 721
"../../../Engine/Content/VREditor/TransformGizmo/RotationHandleFull.uasset" 722
"../../../Engine/Content/VREditor/TransformGizmo/RotationHandleFull.uexp" 723
"../../../Engine/Content/VREditor/Sounds/UI/Object_PickUp.ubulk" 724
"../../../Engine/Content/VREditor/Sounds/UI/Object_PickUp.uasset" 725
"../../../Engine/Content/VREditor/Sounds/UI/Object_PickUp.uexp" 726
"../../../Engine/Content/EngineResources/WhiteSquareTexture.uasset" 727
"../../../Engine/Content/EngineResources/WhiteSquareTexture.uexp" 728
"../../../Engine/Content/EngineMaterials/Widget3DPassThrough.uasset" 729
"../../../Engine/Content/EngineMaterials/Widget3DPassThrough.uexp" 730
"../../../Engine/Content/EngineMaterials/Widget3DPassThrough_Translucent.uasset" 731
"../../../Engine/Content/EngineMaterials/Widget3DPassThrough_Translucent.uexp" 732
"../../../Engine/Content/EngineMaterials/Widget3DPassThrough_Translucent_OneSided.uasset" 733
"../../../Engine/Content/EngineMaterials/Widget3DPassThrough_Translucent_OneSided.uexp" 734
"../../../Engine/Content/EngineMaterials/Widget3DPassThrough_Opaque.uasset" 735
"../../../Engine/Content/EngineMaterials/Widget3DPassThrough_Opaque.uexp" 736
"../../../Engine/Content/EngineMaterials/Widget3DPassThrough_Opaque_OneSided.uasset" 737
"../../../Engine/Content/EngineMaterials/Widget3DPassThrough_Opaque_OneSided.uexp" 738
"../../../Engine/Content/EngineMaterials/Widget3DPassThrough_Masked_OneSided.uasset" 739
"../../../Engine/Content/EngineMaterials/Widget3DPassThrough_Masked_OneSided.uexp" 740
"../../../Engine/Content/EngineMaterials/Widget3DPassThrough_Masked.uasset" 741
"../../../Engine/Content/EngineMaterials/Widget3DPassThrough_Masked.uexp" 742
"../../../Engine/Content/EditorLandscapeResources/SplineEditorMeshMat.uasset" 743
"../../../Engine/Content/EditorLandscapeResources/SplineEditorMeshMat.uexp" 744
"../../../Engine/Content/EditorLandscapeResources/SplineEditorMesh.ubulk" 745
"../../../Engine/Content/EditorLandscapeResources/SplineEditorMesh.uasset" 746
"../../../Engine/Content/EditorLandscapeResources/SplineEditorMesh.uexp" 747
"../../../Engine/Content/EngineMaterials/DefaultMaterial.uasset" 748
"../../../Engine/Content/EngineMaterials/DefaultMaterial.uexp" 749
"../../../Engine/Content/BasicShapes/Sphere.ubulk" 750
"../../../Engine/Content/BasicShapes/Sphere.uasset" 751
"../../../Engine/Content/BasicShapes/Sphere.uexp" 752
"../../../Engine/Content/BasicShapes/Plane.ubulk" 753
"../../../Engine/Content/BasicShapes/Plane.uasset" 754
"../../../Engine/Content/BasicShapes/Plane.uexp" 755
"../../../Engine/Content/BasicShapes/Cylinder.ubulk" 756
"../../../Engine/Content/BasicShapes/Cylinder.uasset" 757
"../../../Engine/Content/BasicShapes/Cylinder.uexp" 758
"../../../Engine/Content/BasicShapes/Cube.ubulk" 759
"../../../Engine/Content/BasicShapes/Cube.uasset" 760
"../../../Engine/Content/BasicShapes/Cube.uexp" 761
"../../../Engine/Content/BasicShapes/Cone.ubulk" 762
"../../../Engine/Content/BasicShapes/Cone.uasset" 763
"../../../Engine/Content/BasicShapes/Cone.uexp" 764
"../../../Engine/Plugins/Interchange/Assets/Content/gltf/Textures/T_White_srgb.uasset" 765
"../../../Engine/Plugins/Interchange/Assets/Content/gltf/Textures/T_White_srgb.uexp" 766
"../../../Engine/Plugins/Interchange/Assets/Content/gltf/MaterialFunctions/MF_BaseColor.uasset" 767
"../../../Engine/Plugins/Interchange/Assets/Content/gltf/MaterialFunctions/MF_BaseColor.uexp" 768
"../../../Engine/Plugins/Interchange/Assets/Content/gltf/MaterialFunctions/MF_RotateV2.uasset" 769
"../../../Engine/Plugins/Interchange/Assets/Content/gltf/MaterialFunctions/MF_RotateV2.uexp" 770
"../../../Engine/Plugins/Interchange/Assets/Content/gltf/MaterialFunctions/MF_TransformUVs.uasset" 771
"../../../Engine/Plugins/Interchange/Assets/Content/gltf/MaterialFunctions/MF_TransformUVs.uexp" 772
"../../../Engine/Plugins/Interchange/Assets/Content/gltf/MaterialBodies/MF_Unlit_Body.uasset" 773
"../../../Engine/Plugins/Interchange/Assets/Content/gltf/MaterialBodies/MF_Unlit_Body.uexp" 774
"../../../Engine/Plugins/Interchange/Assets/Content/gltf/M_Unlit.uasset" 775
"../../../Engine/Plugins/Interchange/Assets/Content/gltf/M_Unlit.uexp" 776
"../../../Engine/Plugins/Interchange/Assets/Content/gltf/MaterialInstances/MI_Unlit_Opaque_DS.uasset" 777
"../../../Engine/Plugins/Interchange/Assets/Content/gltf/MaterialInstances/MI_Unlit_Opaque_DS.uexp" 778
"../../../Engine/Plugins/Interchange/Assets/Content/gltf/MaterialInstances/MI_Unlit_Opaque.uasset" 779
"../../../Engine/Plugins/Interchange/Assets/Content/gltf/MaterialInstances/MI_Unlit_Opaque.uexp" 780
"../../../Engine/Plugins/Interchange/Assets/Content/gltf/MaterialInstances/MI_Unlit_Mask_DS.uasset" 781
"../../../Engine/Plugins/Interchange/Assets/Content/gltf/MaterialInstances/MI_Unlit_Mask_DS.uexp" 782
"../../../Engine/Plugins/Interchange/Assets/Content/gltf/MaterialInstances/MI_Unlit_Mask.uasset" 783
"../../../Engine/Plugins/Interchange/Assets/Content/gltf/MaterialInstances/MI_Unlit_Mask.uexp" 784
"../../../Engine/Plugins/Interchange/Assets/Content/gltf/MaterialInstances/MI_Unlit_Blend_DS.uasset" 785
"../../../Engine/Plugins/Interchange/Assets/Content/gltf/MaterialInstances/MI_Unlit_Blend_DS.uexp" 786
"../../../Engine/Plugins/Interchange/Assets/Content/gltf/MaterialInstances/MI_Unlit_Blend.uasset" 787
"../../../Engine/Plugins/Interchange/Assets/Content/gltf/MaterialInstances/MI_Unlit_Blend.uexp" 788
"../../../Engine/Content/EngineMaterials/Good64x64TilingNoiseHighFreq.uasset" 789
"../../../Engine/Content/EngineMaterials/Good64x64TilingNoiseHighFreq.uexp" 790
"../../../Engine/Content/Functions/Engine_MaterialFunctions02/Texturing/ScreenAlignedPixelToPixelUVs.uasset" 791
"../../../Engine/Content/Functions/Engine_MaterialFunctions02/Texturing/ScreenAlignedPixelToPixelUVs.uexp" 792
"../../../Engine/Plugins/Interchange/Assets/Content/gltf/MaterialFunctions/MF_Temporal_Blur.uasset" 793
"../../../Engine/Plugins/Interchange/Assets/Content/gltf/MaterialFunctions/MF_Temporal_Blur.uexp" 794
"../../../Engine/Plugins/Interchange/Assets/Content/gltf/MaterialFunctions/MF_Specular.uasset" 795
"../../../Engine/Plugins/Interchange/Assets/Content/gltf/MaterialFunctions/MF_Specular.uexp" 796
"../../../Engine/Plugins/Interchange/Assets/Content/gltf/Textures/T_Anisotropy_Direction_Linear.uasset" 797
"../../../Engine/Plugins/Interchange/Assets/Content/gltf/Textures/T_Anisotropy_Direction_Linear.uexp" 798
"../../../Engine/Plugins/Interchange/Assets/Content/gltf/MaterialFunctions/MF_SpecularAnisotropy.uasset" 799
"../../../Engine/Plugins/Interchange/Assets/Content/gltf/MaterialFunctions/MF_SpecularAnisotropy.uexp" 800
"../../../Engine/Plugins/Interchange/Assets/Content/gltf/Textures/T_White_Linear.uasset" 801
"../../../Engine/Plugins/Interchange/Assets/Content/gltf/Textures/T_White_Linear.uexp" 802
"../../../Engine/Plugins/Interchange/Assets/Content/gltf/MaterialFunctions/MF_MetallicRoughness.uasset" 803
"../../../Engine/Plugins/Interchange/Assets/Content/gltf/MaterialFunctions/MF_MetallicRoughness.uexp" 804
"../../../Engine/Plugins/Interchange/Assets/Content/gltf/Textures/T_Generic_N.uasset" 805
"../../../Engine/Plugins/Interchange/Assets/Content/gltf/Textures/T_Generic_N.uexp" 806
"../../../Engine/Plugins/Interchange/Assets/Content/gltf/MaterialFunctions/MF_ScaleNormal.uasset" 807
"../../../Engine/Plugins/Interchange/Assets/Content/gltf/MaterialFunctions/MF_ScaleNormal.uexp" 808
"../../../Engine/Plugins/Interchange/Assets/Content/gltf/MaterialFunctions/MF_Fresnel_DS.uasset" 809
"../../../Engine/Plugins/Interchange/Assets/Content/gltf/MaterialFunctions/MF_Fresnel_DS.uexp" 810
"../../../Engine/Plugins/Interchange/Assets/Content/gltf/MaterialFunctions/MF_Iridescence.uasset" 811
"../../../Engine/Plugins/Interchange/Assets/Content/gltf/MaterialFunctions/MF_Iridescence.uexp" 812
"../../../Engine/Plugins/Interchange/Assets/Content/gltf/MaterialFunctions/MF_Occlusion.uasset" 813
"../../../Engine/Plugins/Interchange/Assets/Content/gltf/MaterialFunctions/MF_Occlusion.uexp" 814
"../../../Engine/Plugins/Interchange/Assets/Content/gltf/MaterialFunctions/MF_IOR.uasset" 815
"../../../Engine/Plugins/Interchange/Assets/Content/gltf/MaterialFunctions/MF_IOR.uexp" 816
"../../../Engine/Plugins/Interchange/Assets/Content/gltf/MaterialFunctions/MF_Transmission.uasset" 817
"../../../Engine/Plugins/Interchange/Assets/Content/gltf/MaterialFunctions/MF_Transmission.uexp" 818
"../../../Engine/Plugins/Interchange/Assets/Content/gltf/MaterialFunctions/MF_RotateNormals_TS.uasset" 819
"../../../Engine/Plugins/Interchange/Assets/Content/gltf/MaterialFunctions/MF_RotateNormals_TS.uexp" 820
"../../../Engine/Plugins/Interchange/Assets/Content/gltf/MaterialFunctions/MF_Normals.uasset" 821
"../../../Engine/Plugins/Interchange/Assets/Content/gltf/MaterialFunctions/MF_Normals.uexp" 822
"../../../Engine/Plugins/Interchange/Assets/Content/gltf/MaterialBodies/MF_Transmission_Body.uasset" 823
"../../../Engine/Plugins/Interchange/Assets/Content/gltf/MaterialBodies/MF_Transmission_Body.uexp" 824
"../../../Engine/Plugins/Interchange/Assets/Content/gltf/M_Transmission.uasset" 825
"../../../Engine/Plugins/Interchange/Assets/Content/gltf/M_Transmission.uexp" 826
"../../../Engine/Plugins/Interchange/Assets/Content/gltf/MaterialInstances/MI_Transmission_DS.uasset" 827
"../../../Engine/Plugins/Interchange/Assets/Content/gltf/MaterialInstances/MI_Transmission_DS.uexp" 828
"../../../Engine/Plugins/Interchange/Assets/Content/gltf/MaterialInstances/MI_Transmission.uasset" 829
"../../../Engine/Plugins/Interchange/Assets/Content/gltf/MaterialInstances/MI_Transmission.uexp" 830
"../../../Engine/Content/Functions/Engine_MaterialFunctions02/Math/AddComponents.uasset" 831
"../../../Engine/Content/Functions/Engine_MaterialFunctions02/Math/AddComponents.uexp" 832
"../../../Engine/Plugins/Interchange/Assets/Content/gltf/MaterialFunctions/MF_DiffuseSpecGloss.uasset" 833
"../../../Engine/Plugins/Interchange/Assets/Content/gltf/MaterialFunctions/MF_DiffuseSpecGloss.uexp" 834
"../../../Engine/Plugins/Interchange/Assets/Content/gltf/MaterialFunctions/MF_Emissive.uasset" 835
"../../../Engine/Plugins/Interchange/Assets/Content/gltf/MaterialFunctions/MF_Emissive.uexp" 836
"../../../Engine/Plugins/Interchange/Assets/Content/gltf/MaterialFunctions/MF_PerceivedBrightness.uasset" 837
"../../../Engine/Plugins/Interchange/Assets/Content/gltf/MaterialFunctions/MF_PerceivedBrightness.uexp" 838
"../../../Engine/Plugins/Interchange/Assets/Content/gltf/MaterialFunctions/MF_SpecGlossToMetalRoughness.uasset" 839
"../../../Engine/Plugins/Interchange/Assets/Content/gltf/MaterialFunctions/MF_SpecGlossToMetalRoughness.uexp" 840
"../../../Engine/Plugins/Interchange/Assets/Content/gltf/MaterialFunctions/MF_MaxComponentValue.uasset" 841
"../../../Engine/Plugins/Interchange/Assets/Content/gltf/MaterialFunctions/MF_MaxComponentValue.uexp" 842
"../../../Engine/Plugins/Interchange/Assets/Content/gltf/MaterialBodies/MF_SpecularGlossiness_Body.uasset" 843
"../../../Engine/Plugins/Interchange/Assets/Content/gltf/MaterialBodies/MF_SpecularGlossiness_Body.uexp" 844
"../../../Engine/Plugins/Interchange/Assets/Content/gltf/M_SpecularGlossiness.uasset" 845
"../../../Engine/Plugins/Interchange/Assets/Content/gltf/M_SpecularGlossiness.uexp" 846
"../../../Engine/Plugins/Interchange/Assets/Content/gltf/MaterialInstances/MI_SpecularGlossiness_Opaque_DS.uasset" 847
"../../../Engine/Plugins/Interchange/Assets/Content/gltf/MaterialInstances/MI_SpecularGlossiness_Opaque_DS.uexp" 848
"../../../Engine/Plugins/Interchange/Assets/Content/gltf/MaterialInstances/MI_SpecularGlossiness_Opaque.uasset" 849
"../../../Engine/Plugins/Interchange/Assets/Content/gltf/MaterialInstances/MI_SpecularGlossiness_Opaque.uexp" 850
"../../../Engine/Plugins/Interchange/Assets/Content/gltf/MaterialInstances/MI_SpecularGlossiness_Mask_DS.uasset" 851
"../../../Engine/Plugins/Interchange/Assets/Content/gltf/MaterialInstances/MI_SpecularGlossiness_Mask_DS.uexp" 852
"../../../Engine/Plugins/Interchange/Assets/Content/gltf/MaterialInstances/MI_SpecularGlossiness_Mask.uasset" 853
"../../../Engine/Plugins/Interchange/Assets/Content/gltf/MaterialInstances/MI_SpecularGlossiness_Mask.uexp" 854
"../../../Engine/Plugins/Interchange/Assets/Content/gltf/MaterialInstances/MI_SpecularGlossiness_Blend_DS.uasset" 855
"../../../Engine/Plugins/Interchange/Assets/Content/gltf/MaterialInstances/MI_SpecularGlossiness_Blend_DS.uexp" 856
"../../../Engine/Plugins/Interchange/Assets/Content/gltf/MaterialInstances/MI_SpecularGlossiness_Blend.uasset" 857
"../../../Engine/Plugins/Interchange/Assets/Content/gltf/MaterialInstances/MI_SpecularGlossiness_Blend.uexp" 858
"../../../Engine/Plugins/Interchange/Assets/Content/gltf/MaterialFunctions/MF_Sheen.uasset" 859
"../../../Engine/Plugins/Interchange/Assets/Content/gltf/MaterialFunctions/MF_Sheen.uexp" 860
"../../../Engine/Plugins/Interchange/Assets/Content/gltf/MaterialBodies/MF_Sheen_Body.uasset" 861
"../../../Engine/Plugins/Interchange/Assets/Content/gltf/MaterialBodies/MF_Sheen_Body.uexp" 862
"../../../Engine/Plugins/Interchange/Assets/Content/gltf/M_Sheen.uasset" 863
"../../../Engine/Plugins/Interchange/Assets/Content/gltf/M_Sheen.uexp" 864
"../../../Engine/Plugins/Interchange/Assets/Content/gltf/MaterialInstances/MI_Sheen_Opaque_DS.uasset" 865
"../../../Engine/Plugins/Interchange/Assets/Content/gltf/MaterialInstances/MI_Sheen_Opaque_DS.uexp" 866
"../../../Engine/Plugins/Interchange/Assets/Content/gltf/MaterialInstances/MI_Sheen_Opaque.uasset" 867
"../../../Engine/Plugins/Interchange/Assets/Content/gltf/MaterialInstances/MI_Sheen_Opaque.uexp" 868
"../../../Engine/Plugins/Interchange/Assets/Content/gltf/MaterialInstances/MI_Sheen_Mask_DS.uasset" 869
"../../../Engine/Plugins/Interchange/Assets/Content/gltf/MaterialInstances/MI_Sheen_Mask_DS.uexp" 870
"../../../Engine/Plugins/Interchange/Assets/Content/gltf/MaterialInstances/MI_Sheen_Mask.uasset" 871
"../../../Engine/Plugins/Interchange/Assets/Content/gltf/MaterialInstances/MI_Sheen_Mask.uexp" 872
"../../../Engine/Plugins/Interchange/Assets/Content/gltf/MaterialInstances/MI_Sheen_Blend_DS.uasset" 873
"../../../Engine/Plugins/Interchange/Assets/Content/gltf/MaterialInstances/MI_Sheen_Blend_DS.uexp" 874
"../../../Engine/Plugins/Interchange/Assets/Content/gltf/MaterialInstances/MI_Sheen_Blend.uasset" 875
"../../../Engine/Plugins/Interchange/Assets/Content/gltf/MaterialInstances/MI_Sheen_Blend.uexp" 876
"../../../Engine/Plugins/Interchange/Assets/Content/gltf/MaterialBodies/MF_Default_Body.uasset" 877
"../../../Engine/Plugins/Interchange/Assets/Content/gltf/MaterialBodies/MF_Default_Body.uexp" 878
"../../../Engine/Plugins/Interchange/Assets/Content/gltf/M_Default.uasset" 879
"../../../Engine/Plugins/Interchange/Assets/Content/gltf/M_Default.uexp" 880
"../../../Engine/Plugins/Interchange/Assets/Content/gltf/MaterialInstances/MI_Default_Opaque_DS.uasset" 881
"../../../Engine/Plugins/Interchange/Assets/Content/gltf/MaterialInstances/MI_Default_Opaque_DS.uexp" 882
"../../../Engine/Plugins/Interchange/Assets/Content/gltf/MaterialInstances/MI_Default_Opaque.uasset" 883
"../../../Engine/Plugins/Interchange/Assets/Content/gltf/MaterialInstances/MI_Default_Opaque.uexp" 884
"../../../Engine/Plugins/Interchange/Assets/Content/gltf/MaterialInstances/MI_Default_Mask_DS.uasset" 885
"../../../Engine/Plugins/Interchange/Assets/Content/gltf/MaterialInstances/MI_Default_Mask_DS.uexp" 886
"../../../Engine/Plugins/Interchange/Assets/Content/gltf/MaterialInstances/MI_Default_Mask.uasset" 887
"../../../Engine/Plugins/Interchange/Assets/Content/gltf/MaterialInstances/MI_Default_Mask.uexp" 888
"../../../Engine/Plugins/Interchange/Assets/Content/gltf/MaterialInstances/MI_Default_Blend_DS.uasset" 889
"../../../Engine/Plugins/Interchange/Assets/Content/gltf/MaterialInstances/MI_Default_Blend_DS.uexp" 890
"../../../Engine/Plugins/Interchange/Assets/Content/gltf/MaterialInstances/MI_Default_Blend.uasset" 891
"../../../Engine/Plugins/Interchange/Assets/Content/gltf/MaterialInstances/MI_Default_Blend.uexp" 892
"../../../Engine/Content/Functions/Engine_MaterialFunctions01/Texturing/FlattenNormal.uasset" 893
"../../../Engine/Content/Functions/Engine_MaterialFunctions01/Texturing/FlattenNormal.uexp" 894
"../../../Engine/Plugins/Interchange/Assets/Content/gltf/MaterialFunctions/MF_Clearcoat.uasset" 895
"../../../Engine/Plugins/Interchange/Assets/Content/gltf/MaterialFunctions/MF_Clearcoat.uexp" 896
"../../../Engine/Plugins/Interchange/Assets/Content/gltf/MaterialBodies/MF_ClearCoat_Body.uasset" 897
"../../../Engine/Plugins/Interchange/Assets/Content/gltf/MaterialBodies/MF_ClearCoat_Body.uexp" 898
"../../../Engine/Plugins/Interchange/Assets/Content/gltf/M_ClearCoat.uasset" 899
"../../../Engine/Plugins/Interchange/Assets/Content/gltf/M_ClearCoat.uexp" 900
"../../../Engine/Plugins/Interchange/Assets/Content/gltf/MaterialInstances/MI_ClearCoat_Opaque_DS.uasset" 901
"../../../Engine/Plugins/Interchange/Assets/Content/gltf/MaterialInstances/MI_ClearCoat_Opaque_DS.uexp" 902
"../../../Engine/Plugins/Interchange/Assets/Content/gltf/MaterialInstances/MI_ClearCoat_Opaque.uasset" 903
"../../../Engine/Plugins/Interchange/Assets/Content/gltf/MaterialInstances/MI_ClearCoat_Opaque.uexp" 904
"../../../Engine/Plugins/Interchange/Assets/Content/gltf/MaterialInstances/MI_ClearCoat_Mask_DS.uasset" 905
"../../../Engine/Plugins/Interchange/Assets/Content/gltf/MaterialInstances/MI_ClearCoat_Mask_DS.uexp" 906
"../../../Engine/Plugins/Interchange/Assets/Content/gltf/MaterialInstances/MI_ClearCoat_Mask.uasset" 907
"../../../Engine/Plugins/Interchange/Assets/Content/gltf/MaterialInstances/MI_ClearCoat_Mask.uexp" 908
"../../../Engine/Plugins/Interchange/Assets/Content/gltf/MaterialInstances/MI_ClearCoat_Blend_DS.uasset" 909
"../../../Engine/Plugins/Interchange/Assets/Content/gltf/MaterialInstances/MI_ClearCoat_Blend_DS.uexp" 910
"../../../Engine/Plugins/Interchange/Assets/Content/gltf/MaterialInstances/MI_ClearCoat_Blend.uasset" 911
"../../../Engine/Plugins/Interchange/Assets/Content/gltf/MaterialInstances/MI_ClearCoat_Blend.uexp" 912
"../../../Engine/Content/EngineSky/VolumetricClouds/T_CloudMask.ubulk" 913
"../../../Engine/Content/EngineSky/VolumetricClouds/T_CloudMask.uasset" 914
"../../../Engine/Content/EngineSky/VolumetricClouds/T_CloudMask.uexp" 915
"../../../Engine/Content/EngineSky/VolumetricClouds/VT_Lightning.uasset" 916
"../../../Engine/Content/EngineSky/VolumetricClouds/VT_Lightning.uexp" 917
"../../../Engine/Content/EngineSky/VolumetricClouds/T_Profile_08.ubulk" 918
"../../../Engine/Content/EngineSky/VolumetricClouds/T_Profile_08.uasset" 919
"../../../Engine/Content/EngineSky/VolumetricClouds/T_Profile_08.uexp" 920
"../../../Engine/Content/Functions/Engine_MaterialFunctions02/Utility/MakeFloat4.uasset" 921
"../../../Engine/Content/Functions/Engine_MaterialFunctions02/Utility/MakeFloat4.uexp" 922
"../../../Engine/Content/Functions/Engine_MaterialFunctions01/Units/Km-to-Cm.uasset" 923
"../../../Engine/Content/Functions/Engine_MaterialFunctions01/Units/Km-to-Cm.uexp" 924
"../../../Engine/Content/Functions/Engine_MaterialFunctions02/Utility/BreakOutFloat4Components.uasset" 925
"../../../Engine/Content/Functions/Engine_MaterialFunctions02/Utility/BreakOutFloat4Components.uexp" 926
"../../../Engine/Content/EngineSky/VolumetricClouds/T_CloudPattern.ubulk" 927
"../../../Engine/Content/EngineSky/VolumetricClouds/T_CloudPattern.uasset" 928
"../../../Engine/Content/EngineSky/VolumetricClouds/T_CloudPattern.uexp" 929
"../../../Engine/Content/EngineSky/VolumetricClouds/VT_PerlinWorley_Balanced.uasset" 930
"../../../Engine/Content/EngineSky/VolumetricClouds/VT_PerlinWorley_Balanced.uexp" 931
"../../../Engine/Content/EngineSky/VolumetricClouds/m_SimpleVolumetricCloud.uasset" 932
"../../../Engine/Content/EngineSky/VolumetricClouds/m_SimpleVolumetricCloud.uexp" 933
"../../../Engine/Content/EngineSky/VolumetricClouds/m_SimpleVolumetricCloud_Inst.uasset" 934
"../../../Engine/Content/EngineSky/VolumetricClouds/m_SimpleVolumetricCloud_Inst.uexp" 935
"../../../Engine/Plugins/NNE/NNEDenoiser/Content/NNE_oidn2-3-0_rt_hdr_calb_cnrm_large__dyn__fp16_opset11_ForwardAlpha.uasset" 936
"../../../Engine/Plugins/NNE/NNEDenoiser/Content/NNE_oidn2-3-0_rt_hdr_calb_cnrm_large__dyn__fp16_opset11_ForwardAlpha.uexp" 937
"../../../Engine/Plugins/NNE/NNEDenoiser/Content/NNE_oidn2-3-0_rt_hdr_calb_cnrm_large__dyn__fp16_opset11_DenoiseAlpha.uasset" 938
"../../../Engine/Plugins/NNE/NNEDenoiser/Content/NNE_oidn2-3-0_rt_hdr_calb_cnrm_large__dyn__fp16_opset11_DenoiseAlpha.uexp" 939
"../../../Engine/Plugins/NNE/NNEDenoiser/Content/NNE_oidn2-3-0_rt_hdr_alb_nrm__dyn__fp16_opset11_ForwardAlpha.uasset" 940
"../../../Engine/Plugins/NNE/NNEDenoiser/Content/NNE_oidn2-3-0_rt_hdr_alb_nrm__dyn__fp16_opset11_ForwardAlpha.uexp" 941
"../../../Engine/Plugins/NNE/NNEDenoiser/Content/NNE_oidn2-3-0_rt_hdr_alb_nrm__dyn__fp16_opset11_DenoiseAlpha.uasset" 942
"../../../Engine/Plugins/NNE/NNEDenoiser/Content/NNE_oidn2-3-0_rt_hdr_alb_nrm__dyn__fp16_opset11_DenoiseAlpha.uexp" 943
"../../../Engine/Plugins/NNE/NNEDenoiser/Content/NNE_oidn2-3-0_rt_hdr_alb_nrm_small__dyn__fp16_opset11_ForwardAlpha.uasset" 944
"../../../Engine/Plugins/NNE/NNEDenoiser/Content/NNE_oidn2-3-0_rt_hdr_alb_nrm_small__dyn__fp16_opset11_ForwardAlpha.uexp" 945
"../../../Engine/Plugins/NNE/NNEDenoiser/Content/NNE_oidn2-3-0_rt_hdr_alb_nrm_small__dyn__fp16_opset11_DenoiseAlpha.uasset" 946
"../../../Engine/Plugins/NNE/NNEDenoiser/Content/NNE_oidn2-3-0_rt_hdr_alb_nrm_small__dyn__fp16_opset11_DenoiseAlpha.uexp" 947
"../../../Engine/Plugins/NNE/NNEDenoiser/Content/NNED_Oidn2-3_HighQuality_Alpha.uasset" 948
"../../../Engine/Plugins/NNE/NNEDenoiser/Content/NNED_Oidn2-3_HighQuality_Alpha.uexp" 949
"../../../Engine/Plugins/NNE/NNEDenoiser/Content/NNED_Oidn2-3_HighQuality.uasset" 950
"../../../Engine/Plugins/NNE/NNEDenoiser/Content/NNED_Oidn2-3_HighQuality.uexp" 951
"../../../Engine/Plugins/NNE/NNEDenoiser/Content/NNED_Oidn2-3_Fast_Alpha.uasset" 952
"../../../Engine/Plugins/NNE/NNEDenoiser/Content/NNED_Oidn2-3_Fast_Alpha.uexp" 953
"../../../Engine/Plugins/NNE/NNEDenoiser/Content/NNED_Oidn2-3_Fast.uasset" 954
"../../../Engine/Plugins/NNE/NNEDenoiser/Content/NNED_Oidn2-3_Fast.uexp" 955
"../../../Engine/Plugins/NNE/NNEDenoiser/Content/NNED_Oidn2-3_Balanced_Alpha.uasset" 956
"../../../Engine/Plugins/NNE/NNEDenoiser/Content/NNED_Oidn2-3_Balanced_Alpha.uexp" 957
"../../../Engine/Plugins/NNE/NNEDenoiser/Content/NNED_Oidn2-3_Balanced.uasset" 958
"../../../Engine/Plugins/NNE/NNEDenoiser/Content/NNED_Oidn2-3_Balanced.uexp" 959
"../../../Engine/Plugins/NNE/NNEDenoiser/Content/NNEDT_Oidn2-3_Balanced_Alpha.uasset" 960
"../../../Engine/Plugins/NNE/NNEDenoiser/Content/NNEDT_Oidn2-3_Balanced_Alpha.uexp" 961
"../../../Engine/Plugins/NNE/NNEDenoiser/Content/NNEDT_Oidn2-3_Balanced.uasset" 962
"../../../Engine/Plugins/NNE/NNEDenoiser/Content/NNEDT_Oidn2-3_Balanced.uexp" 963
"../../../Engine/Plugins/Animation/DeformerGraph/Content/Deformers/DG_LinearBlendSkin_Morph_Cloth_RecomputeNormals.uasset" 964
"../../../Engine/Plugins/Animation/DeformerGraph/Content/Deformers/DG_LinearBlendSkin_Morph_Cloth_RecomputeNormals.uexp" 965
"../../../Engine/Plugins/Animation/DeformerGraph/Content/Deformers/DG_LinearBlendSkin_Morph_Cloth.uasset" 966
"../../../Engine/Plugins/Animation/DeformerGraph/Content/Deformers/DG_LinearBlendSkin_Morph_Cloth.uexp" 967
"../../../Engine/Plugins/Animation/DeformerGraph/Content/DeformerFunctions/DG_Function_LinearBlendSkin_Morph_Cloth_PositionOnly.uasset" 968
"../../../Engine/Plugins/Animation/DeformerGraph/Content/DeformerFunctions/DG_Function_LinearBlendSkin_Morph_Cloth_PositionOnly.uexp" 969
"../../../Engine/Plugins/Animation/DeformerGraph/Content/DeformerFunctions/DG_Function_LinearBlendSkin_Morph_Cloth.uasset" 970
"../../../Engine/Plugins/Animation/DeformerGraph/Content/DeformerFunctions/DG_Function_LinearBlendSkin_Morph_Cloth.uexp" 971
"../../../Engine/Plugins/Animation/DeformerGraph/Content/DeformerFunctions/DG_Function_ComputeNormalsTangents.uasset" 972
"../../../Engine/Plugins/Animation/DeformerGraph/Content/DeformerFunctions/DG_Function_ComputeNormalsTangents.uexp" 973
"../../../Engine/Content/EngineResources/LandscapeVisibilityLayerInfo.uasset" 974
"../../../Engine/Content/EngineResources/LandscapeVisibilityLayerInfo.uexp" 975
"F:/Projekty/MemoryGame/Content/Sounds/SoundClass_Music.uasset" 976
"F:/Projekty/MemoryGame/Content/Sounds/SoundClass_Music.uexp" 977
"F:/Projekty/MemoryGame/Content/Sounds/SoundClass_UI.uasset" 978
"F:/Projekty/MemoryGame/Content/Sounds/SoundClass_UI.uexp" 979
"F:/Projekty/MemoryGame/Content/Sounds/SCM_Mix.uasset" 980
"F:/Projekty/MemoryGame/Content/Sounds/SCM_Mix.uexp" 981
"F:/Projekty/MemoryGame/Content/Blueprints/Base/GI_MemoryGame.uasset" 982
"F:/Projekty/MemoryGame/Content/Blueprints/Base/GI_MemoryGame.uexp" 983
"F:/Projekty/MemoryGame/Content/Sounds/Music/One_Man_Symphony_-_Downtempo___Lofi___Progressive_Music_Pack_Vol_-_1__Free__-_01_A_Place_Where_It_s_Just_The_Two_Of_Us.ubulk" 984
"F:/Projekty/MemoryGame/Content/Sounds/Music/One_Man_Symphony_-_Downtempo___Lofi___Progressive_Music_Pack_Vol_-_1__Free__-_01_A_Place_Where_It_s_Just_The_Two_Of_Us.uasset" 985
"F:/Projekty/MemoryGame/Content/Sounds/Music/One_Man_Symphony_-_Downtempo___Lofi___Progressive_Music_Pack_Vol_-_1__Free__-_01_A_Place_Where_It_s_Just_The_Two_Of_Us.uexp" 986
"F:/Projekty/MemoryGame/Content/Blueprints/E_LevelDifficulty.uasset" 987
"F:/Projekty/MemoryGame/Content/Blueprints/E_LevelDifficulty.uexp" 988
"F:/Projekty/MemoryGame/Content/Sounds/Waves/OnHover.ubulk" 989
"F:/Projekty/MemoryGame/Content/Sounds/Waves/OnHover.uasset" 990
"F:/Projekty/MemoryGame/Content/Sounds/Waves/OnHover.uexp" 991
"F:/Projekty/MemoryGame/Content/Sounds/SFX_OnHover.uasset" 992
"F:/Projekty/MemoryGame/Content/Sounds/SFX_OnHover.uexp" 993
"F:/Projekty/MemoryGame/Content/Widgets/Fonts/Grandstander-VariableFont_wght.uexp" 994
"F:/Projekty/MemoryGame/Content/Widgets/Fonts/Grandstander-VariableFont_wght.uasset" 995
"F:/Projekty/MemoryGame/Content/Widgets/Fonts/Grandstander-VariableFont_wght.ufont" 996
"F:/Projekty/MemoryGame/Content/Widgets/Fonts/Grandstander-VariableFont_wght_Font.uasset" 997
"F:/Projekty/MemoryGame/Content/Widgets/Fonts/Grandstander-VariableFont_wght_Font.uexp" 998
"F:/Projekty/MemoryGame/Content/Sounds/Waves/OnPressed.ubulk" 999
"F:/Projekty/MemoryGame/Content/Sounds/Waves/OnPressed.uasset" 1000
"F:/Projekty/MemoryGame/Content/Sounds/Waves/OnPressed.uexp" 1001
"F:/Projekty/MemoryGame/Content/Widgets/WBP_Button.uasset" 1002
"F:/Projekty/MemoryGame/Content/Widgets/WBP_Button.uexp" 1003
"F:/Projekty/MemoryGame/Content/Widgets/WBP_InGameMenu.uasset" 1004
"F:/Projekty/MemoryGame/Content/Widgets/WBP_InGameMenu.uexp" 1005
"F:/Projekty/MemoryGame/Content/CardsInUse/Hard/T_2ColorCards_Deck1_HighRes_ClubsQ_Diffuse.uasset" 1006
"F:/Projekty/MemoryGame/Content/CardsInUse/Hard/T_2ColorCards_Deck1_HighRes_ClubsQ_Diffuse.uexp" 1007
"F:/Projekty/MemoryGame/Content/CardsInUse/Hard/T_2ColorCards_Deck1_HighRes_SpadesJ_Diffuse.uasset" 1008
"F:/Projekty/MemoryGame/Content/CardsInUse/Hard/T_2ColorCards_Deck1_HighRes_SpadesJ_Diffuse.uexp" 1009
"F:/Projekty/MemoryGame/Content/CardsInUse/Medium/T_2ColorCards_Deck1_HighRes_Diamonds9_Diffuse.uasset" 1010
"F:/Projekty/MemoryGame/Content/CardsInUse/Medium/T_2ColorCards_Deck1_HighRes_Diamonds9_Diffuse.uexp" 1011
"F:/Projekty/MemoryGame/Content/CardsInUse/Medium/T_2ColorCards_Deck1_HighRes_ClubsK_Diffuse.uasset" 1012
"F:/Projekty/MemoryGame/Content/CardsInUse/Medium/T_2ColorCards_Deck1_HighRes_ClubsK_Diffuse.uexp" 1013
"F:/Projekty/MemoryGame/Content/CardsInUse/Medium/T_2ColorCards_Deck1_HighRes_Clubs9_Diffuse.uasset" 1014
"F:/Projekty/MemoryGame/Content/CardsInUse/Medium/T_2ColorCards_Deck1_HighRes_Clubs9_Diffuse.uexp" 1015
"F:/Projekty/MemoryGame/Content/CardsInUse/Hard/T_2ColorCards_Deck1_HighRes_Diamonds7_Diffuse.uasset" 1016
"F:/Projekty/MemoryGame/Content/CardsInUse/Hard/T_2ColorCards_Deck1_HighRes_Diamonds7_Diffuse.uexp" 1017
"F:/Projekty/MemoryGame/Content/CardsInUse/Hard/T_2ColorCards_Deck1_HighRes_Hearts7_Diffuse.uasset" 1018
"F:/Projekty/MemoryGame/Content/CardsInUse/Hard/T_2ColorCards_Deck1_HighRes_Hearts7_Diffuse.uexp" 1019
"F:/Projekty/MemoryGame/Content/CardsInUse/Easy/T_4ColorCards_Deck2_HighRes_Hearts2_Diffuse.uasset" 1020
"F:/Projekty/MemoryGame/Content/CardsInUse/Easy/T_4ColorCards_Deck2_HighRes_Hearts2_Diffuse.uexp" 1021
"F:/Projekty/MemoryGame/Content/CardsInUse/Medium/T_2ColorCards_Deck1_HighRes_Hearts2_Diffuse.uasset" 1022
"F:/Projekty/MemoryGame/Content/CardsInUse/Medium/T_2ColorCards_Deck1_HighRes_Hearts2_Diffuse.uexp" 1023
"F:/Projekty/MemoryGame/Content/CardsInUse/Hard/T_2ColorCards_Deck1_HighRes_SpadesQ_Diffuse.uasset" 1024
"F:/Projekty/MemoryGame/Content/CardsInUse/Hard/T_2ColorCards_Deck1_HighRes_SpadesQ_Diffuse.uexp" 1025
"F:/Projekty/MemoryGame/Content/CardsInUse/Hard/T_2ColorCards_Deck1_HighRes_ClubsJ_Diffuse.uasset" 1026
"F:/Projekty/MemoryGame/Content/CardsInUse/Hard/T_2ColorCards_Deck1_HighRes_ClubsJ_Diffuse.uexp" 1027
"F:/Projekty/MemoryGame/Content/CardsInUse/Medium/T_2ColorCards_Deck1_HighRes_Clubs6_Diffuse.uasset" 1028
"F:/Projekty/MemoryGame/Content/CardsInUse/Medium/T_2ColorCards_Deck1_HighRes_Clubs6_Diffuse.uexp" 1029
"F:/Projekty/MemoryGame/Content/CardsInUse/Hard/T_2ColorCards_Deck1_HighRes_ClubsA_Diffuse.uasset" 1030
"F:/Projekty/MemoryGame/Content/CardsInUse/Hard/T_2ColorCards_Deck1_HighRes_ClubsA_Diffuse.uexp" 1031
"F:/Projekty/MemoryGame/Content/CardsInUse/Medium/T_2ColorCards_Deck2_HighRes_Spades7_Diffuse.uasset" 1032
"F:/Projekty/MemoryGame/Content/CardsInUse/Medium/T_2ColorCards_Deck2_HighRes_Spades7_Diffuse.uexp" 1033
"F:/Projekty/MemoryGame/Content/CardsInUse/Hard/T_2ColorCards_Deck1_HighRes_Diamonds8_Diffuse.uasset" 1034
"F:/Projekty/MemoryGame/Content/CardsInUse/Hard/T_2ColorCards_Deck1_HighRes_Diamonds8_Diffuse.uexp" 1035
"F:/Projekty/MemoryGame/Content/CardsInUse/Easy/T_4ColorCards_Deck2_HighRes_SpadesA_Diffuse.uasset" 1036
"F:/Projekty/MemoryGame/Content/CardsInUse/Easy/T_4ColorCards_Deck2_HighRes_SpadesA_Diffuse.uexp" 1037
"F:/Projekty/MemoryGame/Content/CardsInUse/Hard/T_2ColorCards_Deck1_HighRes_Hearts6_Diffuse.uasset" 1038
"F:/Projekty/MemoryGame/Content/CardsInUse/Hard/T_2ColorCards_Deck1_HighRes_Hearts6_Diffuse.uexp" 1039
"F:/Projekty/MemoryGame/Content/CardsInUse/Medium/T_2ColorCards_Deck1_HighRes_Clubs8_Diffuse.uasset" 1040
"F:/Projekty/MemoryGame/Content/CardsInUse/Medium/T_2ColorCards_Deck1_HighRes_Clubs8_Diffuse.uexp" 1041
"F:/Projekty/MemoryGame/Content/CardsInUse/Medium/T_2ColorCards_Deck2_HighRes_Spades10_Diffuse.uasset" 1042
"F:/Projekty/MemoryGame/Content/CardsInUse/Medium/T_2ColorCards_Deck2_HighRes_Spades10_Diffuse.uexp" 1043
"F:/Projekty/MemoryGame/Content/Widgets/WBP_TimerAndClicks.uasset" 1044
"F:/Projekty/MemoryGame/Content/Widgets/WBP_TimerAndClicks.uexp" 1045
"F:/Projekty/MemoryGame/Content/CardsInUse/Easy/T_4ColorCards_Deck2_HighRes_Clubs3_Diffuse.uasset" 1046
"F:/Projekty/MemoryGame/Content/CardsInUse/Easy/T_4ColorCards_Deck2_HighRes_Clubs3_Diffuse.uexp" 1047
"F:/Projekty/MemoryGame/Content/CardsInUse/Hard/T_2ColorCards_Deck1_HighRes_Diamonds9_Diffuse.uasset" 1048
"F:/Projekty/MemoryGame/Content/CardsInUse/Hard/T_2ColorCards_Deck1_HighRes_Diamonds9_Diffuse.uexp" 1049
"F:/Projekty/MemoryGame/Content/CardsInUse/Easy/T_4ColorCards_Deck2_HighRes_Diamonds7_Diffuse.uasset" 1050
"F:/Projekty/MemoryGame/Content/CardsInUse/Easy/T_4ColorCards_Deck2_HighRes_Diamonds7_Diffuse.uexp" 1051
"F:/Projekty/MemoryGame/Content/CardsInUse/Medium/T_2ColorCards_Deck2_HighRes_Hearts5_Diffuse.uasset" 1052
"F:/Projekty/MemoryGame/Content/CardsInUse/Medium/T_2ColorCards_Deck2_HighRes_Hearts5_Diffuse.uexp" 1053
"F:/Projekty/MemoryGame/Content/CardsInUse/T_BackBlackGold_HighRes_Diffuse.uasset" 1054
"F:/Projekty/MemoryGame/Content/CardsInUse/T_BackBlackGold_HighRes_Diffuse.uexp" 1055
"F:/Projekty/MemoryGame/Content/Widgets/WBP_Card.uasset" 1056
"F:/Projekty/MemoryGame/Content/Widgets/WBP_Card.uexp" 1057
"F:/Projekty/MemoryGame/Content/CardsInUse/Hard/T_2ColorCards_Deck1_HighRes_SpadesK_Diffuse.uasset" 1058
"F:/Projekty/MemoryGame/Content/CardsInUse/Hard/T_2ColorCards_Deck1_HighRes_SpadesK_Diffuse.uexp" 1059
"F:/Projekty/MemoryGame/Content/CardsInUse/Hard/T_2ColorCards_Deck1_HighRes_Diamonds6_Diffuse.uasset" 1060
"F:/Projekty/MemoryGame/Content/CardsInUse/Hard/T_2ColorCards_Deck1_HighRes_Diamonds6_Diffuse.uexp" 1061
"F:/Projekty/MemoryGame/Content/CardsInUse/Medium/T_2ColorCards_Deck1_HighRes_Clubs2_Diffuse.uasset" 1062
"F:/Projekty/MemoryGame/Content/CardsInUse/Medium/T_2ColorCards_Deck1_HighRes_Clubs2_Diffuse.uexp" 1063
"F:/Projekty/MemoryGame/Content/CardsInUse/Medium/T_2ColorCards_Deck1_HighRes_Diamonds6_Diffuse.uasset" 1064
"F:/Projekty/MemoryGame/Content/CardsInUse/Medium/T_2ColorCards_Deck1_HighRes_Diamonds6_Diffuse.uexp" 1065
"F:/Projekty/MemoryGame/Content/CardsInUse/Hard/T_2ColorCards_Deck1_HighRes_SpadesA_Diffuse.uasset" 1066
"F:/Projekty/MemoryGame/Content/CardsInUse/Hard/T_2ColorCards_Deck1_HighRes_SpadesA_Diffuse.uexp" 1067
"F:/Projekty/MemoryGame/Content/CardsInUse/Hard/T_2ColorCards_Deck1_HighRes_Hearts9_Diffuse.uasset" 1068
"F:/Projekty/MemoryGame/Content/CardsInUse/Hard/T_2ColorCards_Deck1_HighRes_Hearts9_Diffuse.uexp" 1069
"F:/Projekty/MemoryGame/Content/CardsInUse/Hard/T_2ColorCards_Deck1_HighRes_ClubsK_Diffuse.uasset" 1070
"F:/Projekty/MemoryGame/Content/CardsInUse/Hard/T_2ColorCards_Deck1_HighRes_ClubsK_Diffuse.uexp" 1071
"F:/Projekty/MemoryGame/Content/CardsInUse/Hard/T_2ColorCards_Deck1_HighRes_Hearts8_Diffuse.uasset" 1072
"F:/Projekty/MemoryGame/Content/CardsInUse/Hard/T_2ColorCards_Deck1_HighRes_Hearts8_Diffuse.uexp" 1073
"F:/Projekty/MemoryGame/Content/CardsInUse/Medium/T_2ColorCards_Deck2_HighRes_SpadesQ_Diffuse.uasset" 1074
"F:/Projekty/MemoryGame/Content/CardsInUse/Medium/T_2ColorCards_Deck2_HighRes_SpadesQ_Diffuse.uexp" 1075
"F:/Projekty/MemoryGame/Content/Widgets/WBP_GamePlace.uasset" 1076
"F:/Projekty/MemoryGame/Content/Widgets/WBP_GamePlace.uexp" 1077
"F:/Projekty/MemoryGame/Content/Blueprints/SaveGame/SG_VolumeSettings.uasset" 1078
"F:/Projekty/MemoryGame/Content/Blueprints/SaveGame/SG_VolumeSettings.uexp" 1079
"F:/Projekty/MemoryGame/Content/Widgets/MainMenu/WBP_Settings.uasset" 1080
"F:/Projekty/MemoryGame/Content/Widgets/MainMenu/WBP_Settings.uexp" 1081
"F:/Projekty/MemoryGame/Content/Widgets/WBP_GameOverlay.uasset" 1082
"F:/Projekty/MemoryGame/Content/Widgets/WBP_GameOverlay.uexp" 1083
"F:/Projekty/MemoryGame/Content/Blueprints/Base/HUD_BaseGame.uasset" 1084
"F:/Projekty/MemoryGame/Content/Blueprints/Base/HUD_BaseGame.uexp" 1085
"F:/Projekty/MemoryGame/Content/Sounds/Music/Music_InGame.uasset" 1086
"F:/Projekty/MemoryGame/Content/Sounds/Music/Music_InGame.uexp" 1087
"F:/Projekty/MemoryGame/Content/Blueprints/Base/BPL_Utils.uasset" 1088
"F:/Projekty/MemoryGame/Content/Blueprints/Base/BPL_Utils.uexp" 1089
"F:/Projekty/MemoryGame/Content/Blueprints/Base/GM_BaseGame.uasset" 1090
"F:/Projekty/MemoryGame/Content/Blueprints/Base/GM_BaseGame.uexp" 1091
"F:/Projekty/MemoryGame/Content/Maps/L_MemoryGame.uexp" 1092
"F:/Projekty/MemoryGame/Content/Maps/L_MemoryGame.umap" 1093
"F:/Projekty/MemoryGame/Content/Widgets/MainMenu/WBP_CreditsRow.uasset" 1094
"F:/Projekty/MemoryGame/Content/Widgets/MainMenu/WBP_CreditsRow.uexp" 1095
"F:/Projekty/MemoryGame/Content/Widgets/MainMenu/WBP_Credits.uasset" 1096
"F:/Projekty/MemoryGame/Content/Widgets/MainMenu/WBP_Credits.uexp" 1097
"F:/Projekty/MemoryGame/Content/Widgets/MainMenu/WBP_MainMenu.uasset" 1098
"F:/Projekty/MemoryGame/Content/Widgets/MainMenu/WBP_MainMenu.uexp" 1099
"F:/Projekty/MemoryGame/Content/Blueprints/MainMenu/HUD_MainMenu.uasset" 1100
"F:/Projekty/MemoryGame/Content/Blueprints/MainMenu/HUD_MainMenu.uexp" 1101
"F:/Projekty/MemoryGame/Content/Sounds/Music/in-his-own-way.ubulk" 1102
"F:/Projekty/MemoryGame/Content/Sounds/Music/in-his-own-way.uasset" 1103
"F:/Projekty/MemoryGame/Content/Sounds/Music/in-his-own-way.uexp" 1104
"F:/Projekty/MemoryGame/Content/Sounds/Music/Music_MainMenu.uasset" 1105
"F:/Projekty/MemoryGame/Content/Sounds/Music/Music_MainMenu.uexp" 1106
"F:/Projekty/MemoryGame/Content/Blueprints/MainMenu/GM_MainMenu.uasset" 1107
"F:/Projekty/MemoryGame/Content/Blueprints/MainMenu/GM_MainMenu.uexp" 1108
"F:/Projekty/MemoryGame/Content/Maps/L_MainMenu.uexp" 1109
"F:/Projekty/MemoryGame/Content/Maps/L_MainMenu.umap" 1110
"../../../Engine/Content/Maps/Entry_BuiltData.uasset" 1111
"../../../Engine/Content/Maps/Entry_BuiltData.uexp" 1112
"../../../Engine/Content/Maps/Entry.uexp" 1113
"../../../Engine/Content/Maps/Entry.umap" 1114
